This file contains any messages produced by compilers while
running configure, to aid debugging if configure makes a mistake.

It was created by openvswitch configure 2.0.0, which was
generated by GNU Autoconf 2.68.  Invocation command line was

  $ ./configure --with-linux=/lib/modules/3.2.0-56-generic/build

## --------- ##
## Platform. ##
## --------- ##

hostname = node2.srv6.phantomnet.emulab.net
uname -m = x86_64
uname -r = 3.2.0-56-generic
uname -s = Linux
uname -v = #86-Ubuntu SMP Wed Oct 23 09:20:45 UTC 2013

/usr/bin/uname -p = unknown
/bin/uname -X     = unknown

/bin/arch              = unknown
/usr/bin/arch -k       = unknown
/usr/convex/getsysinfo = unknown
/usr/bin/hostinfo      = unknown
/bin/machine           = unknown
/usr/bin/oslevel       = unknown
/bin/universe          = unknown

PATH: /usr/local/sbin
PATH: /usr/local/bin
PATH: /usr/sbin
PATH: /usr/bin
PATH: /sbin
PATH: /bin
PATH: /usr/games


## ----------- ##
## Core tests. ##
## ----------- ##

configure:2548: checking for a BSD-compatible install
configure:2616: result: /usr/bin/install -c
configure:2627: checking whether build environment is sane
configure:2677: result: yes
configure:2818: checking for a thread-safe mkdir -p
configure:2857: result: /bin/mkdir -p
configure:2870: checking for gawk
configure:2900: result: no
configure:2870: checking for mawk
configure:2886: found /usr/bin/mawk
configure:2897: result: mawk
configure:2908: checking whether make sets $(MAKE)
configure:2930: result: yes
configure:3059: checking for gcc
configure:3075: found /usr/bin/gcc
configure:3086: result: gcc
configure:3315: checking for C compiler version
configure:3324: gcc --version >&5
gcc (Ubuntu/Linaro 4.6.3-1ubuntu5) 4.6.3
Copyright (C) 2011 Free Software Foundation, Inc.
This is free software; see the source for copying conditions.  There is NO
warranty; not even for MERCHANTABILITY or FITNESS FOR A PARTICULAR PURPOSE.

configure:3335: $? = 0
configure:3324: gcc -v >&5
Using built-in specs.
COLLECT_GCC=gcc
COLLECT_LTO_WRAPPER=/usr/lib/gcc/x86_64-linux-gnu/4.6/lto-wrapper
Target: x86_64-linux-gnu
Configured with: ../src/configure -v --with-pkgversion='Ubuntu/Linaro 4.6.3-1ubuntu5' --with-bugurl=file:///usr/share/doc/gcc-4.6/README.Bugs --enable-languages=c,c++,fortran,objc,obj-c++ --prefix=/usr --program-suffix=-4.6 --enable-shared --enable-linker-build-id --with-system-zlib --libexecdir=/usr/lib --without-included-gettext --enable-threads=posix --with-gxx-include-dir=/usr/include/c++/4.6 --libdir=/usr/lib --enable-nls --with-sysroot=/ --enable-clocale=gnu --enable-libstdcxx-debug --enable-libstdcxx-time=yes --enable-gnu-unique-object --enable-plugin --enable-objc-gc --disable-werror --with-arch-32=i686 --with-tune=generic --enable-checking=release --build=x86_64-linux-gnu --host=x86_64-linux-gnu --target=x86_64-linux-gnu
Thread model: posix
gcc version 4.6.3 (Ubuntu/Linaro 4.6.3-1ubuntu5) 
configure:3335: $? = 0
configure:3324: gcc -V >&5
gcc: error: unrecognized option '-V'
gcc: fatal error: no input files
compilation terminated.
configure:3335: $? = 4
configure:3324: gcc -qversion >&5
gcc: error: unrecognized option '-qversion'
gcc: fatal error: no input files
compilation terminated.
configure:3335: $? = 4
configure:3355: checking whether the C compiler works
configure:3377: gcc    conftest.c  >&5
configure:3381: $? = 0
configure:3429: result: yes
configure:3432: checking for C compiler default output file name
configure:3434: result: a.out
configure:3440: checking for suffix of executables
configure:3447: gcc -o conftest    conftest.c  >&5
configure:3451: $? = 0
configure:3473: result: 
configure:3495: checking whether we are cross compiling
configure:3503: gcc -o conftest    conftest.c  >&5
configure:3507: $? = 0
configure:3514: ./conftest
configure:3518: $? = 0
configure:3533: result: no
configure:3538: checking for suffix of object files
configure:3560: gcc -c   conftest.c >&5
configure:3564: $? = 0
configure:3585: result: o
configure:3589: checking whether we are using the GNU C compiler
configure:3608: gcc -c   conftest.c >&5
configure:3608: $? = 0
configure:3617: result: yes
configure:3626: checking whether gcc accepts -g
configure:3646: gcc -c -g  conftest.c >&5
configure:3646: $? = 0
configure:3687: result: yes
configure:3704: checking for gcc option to accept ISO C89
configure:3768: gcc  -c -g -O2  conftest.c >&5
configure:3768: $? = 0
configure:3781: result: none needed
configure:3812: checking for style of include used by make
configure:3840: result: GNU
configure:3866: checking dependency style of gcc
configure:3977: result: gcc3
configure:3993: checking whether gcc and cc understand -c and -o together
configure:4024: gcc -c conftest.c -o conftest2.o >&5
configure:4028: $? = 0
configure:4034: gcc -c conftest.c -o conftest2.o >&5
configure:4038: $? = 0
configure:4049: cc -c conftest.c >&5
configure:4053: $? = 0
configure:4061: cc -c conftest.c -o conftest2.o >&5
configure:4065: $? = 0
configure:4071: cc -c conftest.c -o conftest2.o >&5
configure:4075: $? = 0
configure:4093: result: yes
configure:4123: checking how to run the C preprocessor
configure:4154: gcc -E  conftest.c
configure:4154: $? = 0
configure:4168: gcc -E  conftest.c
conftest.c:11:28: fatal error: ac_nonexistent.h: No such file or directory
compilation terminated.
configure:4168: $? = 1
configure: failed program was:
| /* confdefs.h */
| #define PACKAGE_NAME "openvswitch"
| #define PACKAGE_TARNAME "openvswitch"
| #define PACKAGE_VERSION "2.0.0"
| #define PACKAGE_STRING "openvswitch 2.0.0"
| #define PACKAGE_BUGREPORT "ovs-bugs@openvswitch.org"
| #define PACKAGE_URL ""
| #define PACKAGE "openvswitch"
| #define VERSION "2.0.0"
| /* end confdefs.h.  */
| #include <ac_nonexistent.h>
configure:4193: result: gcc -E
configure:4213: gcc -E  conftest.c
configure:4213: $? = 0
configure:4227: gcc -E  conftest.c
conftest.c:11:28: fatal error: ac_nonexistent.h: No such file or directory
compilation terminated.
configure:4227: $? = 1
configure: failed program was:
| /* confdefs.h */
| #define PACKAGE_NAME "openvswitch"
| #define PACKAGE_TARNAME "openvswitch"
| #define PACKAGE_VERSION "2.0.0"
| #define PACKAGE_STRING "openvswitch 2.0.0"
| #define PACKAGE_BUGREPORT "ovs-bugs@openvswitch.org"
| #define PACKAGE_URL ""
| #define PACKAGE "openvswitch"
| #define VERSION "2.0.0"
| /* end confdefs.h.  */
| #include <ac_nonexistent.h>
configure:4298: checking for ranlib
configure:4314: found /usr/bin/ranlib
configure:4325: result: ranlib
configure:4348: checking for grep that handles long lines and -e
configure:4406: result: /bin/grep
configure:4411: checking for fgrep
configure:4473: result: /bin/grep -F
configure:4478: checking for egrep
configure:4540: result: /bin/grep -E
configure:4549: checking for perl
configure:4567: found /usr/bin/perl
configure:4580: result: /usr/bin/perl
configure:4598: checking for ANSI C header files
configure:4618: gcc -c -g -O2  conftest.c >&5
configure:4618: $? = 0
configure:4691: gcc -o conftest -g -O2   conftest.c  >&5
configure:4691: $? = 0
configure:4691: ./conftest
configure:4691: $? = 0
configure:4702: result: yes
configure:4715: checking for sys/types.h
configure:4715: gcc -c -g -O2  conftest.c >&5
configure:4715: $? = 0
configure:4715: result: yes
configure:4715: checking for sys/stat.h
configure:4715: gcc -c -g -O2  conftest.c >&5
configure:4715: $? = 0
configure:4715: result: yes
configure:4715: checking for stdlib.h
configure:4715: gcc -c -g -O2  conftest.c >&5
configure:4715: $? = 0
configure:4715: result: yes
configure:4715: checking for string.h
configure:4715: gcc -c -g -O2  conftest.c >&5
configure:4715: $? = 0
configure:4715: result: yes
configure:4715: checking for memory.h
configure:4715: gcc -c -g -O2  conftest.c >&5
configure:4715: $? = 0
configure:4715: result: yes
configure:4715: checking for strings.h
configure:4715: gcc -c -g -O2  conftest.c >&5
configure:4715: $? = 0
configure:4715: result: yes
configure:4715: checking for inttypes.h
configure:4715: gcc -c -g -O2  conftest.c >&5
configure:4715: $? = 0
configure:4715: result: yes
configure:4715: checking for stdint.h
configure:4715: gcc -c -g -O2  conftest.c >&5
configure:4715: $? = 0
configure:4715: result: yes
configure:4715: checking for unistd.h
configure:4715: gcc -c -g -O2  conftest.c >&5
configure:4715: $? = 0
configure:4715: result: yes
configure:4728: checking minix/config.h usability
configure:4728: gcc -c -g -O2  conftest.c >&5
conftest.c:54:26: fatal error: minix/config.h: No such file or directory
compilation terminated.
configure:4728: $? = 1
configure: failed program was:
| /* confdefs.h */
| #define PACKAGE_NAME "openvswitch"
| #define PACKAGE_TARNAME "openvswitch"
| #define PACKAGE_VERSION "2.0.0"
| #define PACKAGE_STRING "openvswitch 2.0.0"
| #define PACKAGE_BUGREPORT "ovs-bugs@openvswitch.org"
| #define PACKAGE_URL ""
| #define PACKAGE "openvswitch"
| #define VERSION "2.0.0"
| #define STDC_HEADERS 1
| #define HAVE_SYS_TYPES_H 1
| #define HAVE_SYS_STAT_H 1
| #define HAVE_STDLIB_H 1
| #define HAVE_STRING_H 1
| #define HAVE_MEMORY_H 1
| #define HAVE_STRINGS_H 1
| #define HAVE_INTTYPES_H 1
| #define HAVE_STDINT_H 1
| #define HAVE_UNISTD_H 1
| /* end confdefs.h.  */
| #include <stdio.h>
| #ifdef HAVE_SYS_TYPES_H
| # include <sys/types.h>
| #endif
| #ifdef HAVE_SYS_STAT_H
| # include <sys/stat.h>
| #endif
| #ifdef STDC_HEADERS
| # include <stdlib.h>
| # include <stddef.h>
| #else
| # ifdef HAVE_STDLIB_H
| #  include <stdlib.h>
| # endif
| #endif
| #ifdef HAVE_STRING_H
| # if !defined STDC_HEADERS && defined HAVE_MEMORY_H
| #  include <memory.h>
| # endif
| # include <string.h>
| #endif
| #ifdef HAVE_STRINGS_H
| # include <strings.h>
| #endif
| #ifdef HAVE_INTTYPES_H
| # include <inttypes.h>
| #endif
| #ifdef HAVE_STDINT_H
| # include <stdint.h>
| #endif
| #ifdef HAVE_UNISTD_H
| # include <unistd.h>
| #endif
| #include <minix/config.h>
configure:4728: result: no
configure:4728: checking minix/config.h presence
configure:4728: gcc -E  conftest.c
conftest.c:21:26: fatal error: minix/config.h: No such file or directory
compilation terminated.
configure:4728: $? = 1
configure: failed program was:
| /* confdefs.h */
| #define PACKAGE_NAME "openvswitch"
| #define PACKAGE_TARNAME "openvswitch"
| #define PACKAGE_VERSION "2.0.0"
| #define PACKAGE_STRING "openvswitch 2.0.0"
| #define PACKAGE_BUGREPORT "ovs-bugs@openvswitch.org"
| #define PACKAGE_URL ""
| #define PACKAGE "openvswitch"
| #define VERSION "2.0.0"
| #define STDC_HEADERS 1
| #define HAVE_SYS_TYPES_H 1
| #define HAVE_SYS_STAT_H 1
| #define HAVE_STDLIB_H 1
| #define HAVE_STRING_H 1
| #define HAVE_MEMORY_H 1
| #define HAVE_STRINGS_H 1
| #define HAVE_INTTYPES_H 1
| #define HAVE_STDINT_H 1
| #define HAVE_UNISTD_H 1
| /* end confdefs.h.  */
| #include <minix/config.h>
configure:4728: result: no
configure:4728: checking for minix/config.h
configure:4728: result: no
configure:4749: checking whether it is safe to define __EXTENSIONS__
configure:4767: gcc -c -g -O2  conftest.c >&5
configure:4767: $? = 0
configure:4774: result: yes
configure:4788: checking whether byte ordering is bigendian
configure:4803: gcc -c -g -O2  conftest.c >&5
conftest.c:27:9: error: unknown type name 'not'
conftest.c:27:15: error: expected '=', ',', ';', 'asm' or '__attribute__' before 'universal'
conftest.c:27:15: error: unknown type name 'universal'
configure:4803: $? = 1
configure: failed program was:
| /* confdefs.h */
| #define PACKAGE_NAME "openvswitch"
| #define PACKAGE_TARNAME "openvswitch"
| #define PACKAGE_VERSION "2.0.0"
| #define PACKAGE_STRING "openvswitch 2.0.0"
| #define PACKAGE_BUGREPORT "ovs-bugs@openvswitch.org"
| #define PACKAGE_URL ""
| #define PACKAGE "openvswitch"
| #define VERSION "2.0.0"
| #define STDC_HEADERS 1
| #define HAVE_SYS_TYPES_H 1
| #define HAVE_SYS_STAT_H 1
| #define HAVE_STDLIB_H 1
| #define HAVE_STRING_H 1
| #define HAVE_MEMORY_H 1
| #define HAVE_STRINGS_H 1
| #define HAVE_INTTYPES_H 1
| #define HAVE_STDINT_H 1
| #define HAVE_UNISTD_H 1
| #define __EXTENSIONS__ 1
| #define _ALL_SOURCE 1
| #define _GNU_SOURCE 1
| #define _POSIX_PTHREAD_SEMANTICS 1
| #define _TANDEM_SOURCE 1
| /* end confdefs.h.  */
| #ifndef __APPLE_CC__
| 	       not a universal capable compiler
| 	     #endif
| 	     typedef int dummy;
| 
configure:4848: gcc -c -g -O2  conftest.c >&5
configure:4848: $? = 0
configure:4866: gcc -c -g -O2  conftest.c >&5
conftest.c: In function 'main':
conftest.c:33:4: error: unknown type name 'not'
conftest.c:33:12: error: expected '=', ',', ';', 'asm' or '__attribute__' before 'endian'
configure:4866: $? = 1
configure: failed program was:
| /* confdefs.h */
| #define PACKAGE_NAME "openvswitch"
| #define PACKAGE_TARNAME "openvswitch"
| #define PACKAGE_VERSION "2.0.0"
| #define PACKAGE_STRING "openvswitch 2.0.0"
| #define PACKAGE_BUGREPORT "ovs-bugs@openvswitch.org"
| #define PACKAGE_URL ""
| #define PACKAGE "openvswitch"
| #define VERSION "2.0.0"
| #define STDC_HEADERS 1
| #define HAVE_SYS_TYPES_H 1
| #define HAVE_SYS_STAT_H 1
| #define HAVE_STDLIB_H 1
| #define HAVE_STRING_H 1
| #define HAVE_MEMORY_H 1
| #define HAVE_STRINGS_H 1
| #define HAVE_INTTYPES_H 1
| #define HAVE_STDINT_H 1
| #define HAVE_UNISTD_H 1
| #define __EXTENSIONS__ 1
| #define _ALL_SOURCE 1
| #define _GNU_SOURCE 1
| #define _POSIX_PTHREAD_SEMANTICS 1
| #define _TANDEM_SOURCE 1
| /* end confdefs.h.  */
| #include <sys/types.h>
| 		#include <sys/param.h>
| 
| int
| main ()
| {
| #if BYTE_ORDER != BIG_ENDIAN
| 		 not big endian
| 		#endif
| 
|   ;
|   return 0;
| }
configure:4994: result: no
configure:5019: checking for special C compiler options needed for large files
configure:5064: result: no
configure:5070: checking for _FILE_OFFSET_BITS value needed for large files
configure:5095: gcc -c -g -O2  conftest.c >&5
configure:5095: $? = 0
configure:5127: result: no
configure:5211: checking for library containing pow
configure:5242: gcc -o conftest -g -O2   conftest.c  >&5
conftest.c:33:6: warning: conflicting types for built-in function 'pow' [enabled by default]
/tmp/ccO1SPRh.o: In function `main':
/users/binh/openvswitch/conftest.c:37: undefined reference to `pow'
collect2: ld returned 1 exit status
configure:5242: $? = 1
configure: failed program was:
| /* confdefs.h */
| #define PACKAGE_NAME "openvswitch"
| #define PACKAGE_TARNAME "openvswitch"
| #define PACKAGE_VERSION "2.0.0"
| #define PACKAGE_STRING "openvswitch 2.0.0"
| #define PACKAGE_BUGREPORT "ovs-bugs@openvswitch.org"
| #define PACKAGE_URL ""
| #define PACKAGE "openvswitch"
| #define VERSION "2.0.0"
| #define STDC_HEADERS 1
| #define HAVE_SYS_TYPES_H 1
| #define HAVE_SYS_STAT_H 1
| #define HAVE_STDLIB_H 1
| #define HAVE_STRING_H 1
| #define HAVE_MEMORY_H 1
| #define HAVE_STRINGS_H 1
| #define HAVE_INTTYPES_H 1
| #define HAVE_STDINT_H 1
| #define HAVE_UNISTD_H 1
| #define __EXTENSIONS__ 1
| #define _ALL_SOURCE 1
| #define _GNU_SOURCE 1
| #define _POSIX_PTHREAD_SEMANTICS 1
| #define _TANDEM_SOURCE 1
| /* end confdefs.h.  */
| 
| /* Override any GCC internal prototype to avoid an error.
|    Use char because int might match the return type of a GCC
|    builtin and then its argument prototype would still apply.  */
| #ifdef __cplusplus
| extern "C"
| #endif
| char pow ();
| int
| main ()
| {
| return pow ();
|   ;
|   return 0;
| }
configure:5242: gcc -o conftest -g -O2   conftest.c -lm   >&5
conftest.c:33:6: warning: conflicting types for built-in function 'pow' [enabled by default]
configure:5242: $? = 0
configure:5259: result: -lm
configure:5267: checking for library containing clock_gettime
configure:5298: gcc -o conftest -g -O2   conftest.c -lm  >&5
/tmp/cctpi7Qh.o: In function `main':
/users/binh/openvswitch/conftest.c:37: undefined reference to `clock_gettime'
collect2: ld returned 1 exit status
configure:5298: $? = 1
configure: failed program was:
| /* confdefs.h */
| #define PACKAGE_NAME "openvswitch"
| #define PACKAGE_TARNAME "openvswitch"
| #define PACKAGE_VERSION "2.0.0"
| #define PACKAGE_STRING "openvswitch 2.0.0"
| #define PACKAGE_BUGREPORT "ovs-bugs@openvswitch.org"
| #define PACKAGE_URL ""
| #define PACKAGE "openvswitch"
| #define VERSION "2.0.0"
| #define STDC_HEADERS 1
| #define HAVE_SYS_TYPES_H 1
| #define HAVE_SYS_STAT_H 1
| #define HAVE_STDLIB_H 1
| #define HAVE_STRING_H 1
| #define HAVE_MEMORY_H 1
| #define HAVE_STRINGS_H 1
| #define HAVE_INTTYPES_H 1
| #define HAVE_STDINT_H 1
| #define HAVE_UNISTD_H 1
| #define __EXTENSIONS__ 1
| #define _ALL_SOURCE 1
| #define _GNU_SOURCE 1
| #define _POSIX_PTHREAD_SEMANTICS 1
| #define _TANDEM_SOURCE 1
| /* end confdefs.h.  */
| 
| /* Override any GCC internal prototype to avoid an error.
|    Use char because int might match the return type of a GCC
|    builtin and then its argument prototype would still apply.  */
| #ifdef __cplusplus
| extern "C"
| #endif
| char clock_gettime ();
| int
| main ()
| {
| return clock_gettime ();
|   ;
|   return 0;
| }
configure:5298: gcc -o conftest -g -O2   conftest.c -lrt  -lm  >&5
configure:5298: $? = 0
configure:5315: result: -lrt
configure:5323: checking for library containing timer_create
configure:5354: gcc -o conftest -g -O2   conftest.c -lrt -lm  >&5
configure:5354: $? = 0
configure:5371: result: none required
configure:5379: checking for library containing pthread_sigmask
configure:5410: gcc -o conftest -g -O2   conftest.c -lrt -lm  >&5
/tmp/ccd2bR0x.o: In function `main':
/users/binh/openvswitch/conftest.c:37: undefined reference to `pthread_sigmask'
collect2: ld returned 1 exit status
configure:5410: $? = 1
configure: failed program was:
| /* confdefs.h */
| #define PACKAGE_NAME "openvswitch"
| #define PACKAGE_TARNAME "openvswitch"
| #define PACKAGE_VERSION "2.0.0"
| #define PACKAGE_STRING "openvswitch 2.0.0"
| #define PACKAGE_BUGREPORT "ovs-bugs@openvswitch.org"
| #define PACKAGE_URL ""
| #define PACKAGE "openvswitch"
| #define VERSION "2.0.0"
| #define STDC_HEADERS 1
| #define HAVE_SYS_TYPES_H 1
| #define HAVE_SYS_STAT_H 1
| #define HAVE_STDLIB_H 1
| #define HAVE_STRING_H 1
| #define HAVE_MEMORY_H 1
| #define HAVE_STRINGS_H 1
| #define HAVE_INTTYPES_H 1
| #define HAVE_STDINT_H 1
| #define HAVE_UNISTD_H 1
| #define __EXTENSIONS__ 1
| #define _ALL_SOURCE 1
| #define _GNU_SOURCE 1
| #define _POSIX_PTHREAD_SEMANTICS 1
| #define _TANDEM_SOURCE 1
| /* end confdefs.h.  */
| 
| /* Override any GCC internal prototype to avoid an error.
|    Use char because int might match the return type of a GCC
|    builtin and then its argument prototype would still apply.  */
| #ifdef __cplusplus
| extern "C"
| #endif
| char pthread_sigmask ();
| int
| main ()
| {
| return pthread_sigmask ();
|   ;
|   return 0;
| }
configure:5410: gcc -o conftest -g -O2   conftest.c -lpthread  -lrt -lm  >&5
configure:5410: $? = 0
configure:5427: result: -lpthread
configure:5435: checking whether strerror_r is declared
configure:5435: gcc -c -g -O2  conftest.c >&5
configure:5435: $? = 0
configure:5435: result: yes
configure:5448: checking for strerror_r
configure:5448: gcc -o conftest -g -O2   conftest.c -lpthread -lrt -lm  >&5
configure:5448: $? = 0
configure:5448: result: yes
configure:5457: checking whether strerror_r returns char *
configure:5481: gcc -c -g -O2  conftest.c >&5
configure:5481: $? = 0
configure:5519: result: yes
configure:5528: checking vmware.h usability
configure:5528: gcc -c -g -O2  conftest.c >&5
conftest.c:62:20: fatal error: vmware.h: No such file or directory
compilation terminated.
configure:5528: $? = 1
configure: failed program was:
| /* confdefs.h */
| #define PACKAGE_NAME "openvswitch"
| #define PACKAGE_TARNAME "openvswitch"
| #define PACKAGE_VERSION "2.0.0"
| #define PACKAGE_STRING "openvswitch 2.0.0"
| #define PACKAGE_BUGREPORT "ovs-bugs@openvswitch.org"
| #define PACKAGE_URL ""
| #define PACKAGE "openvswitch"
| #define VERSION "2.0.0"
| #define STDC_HEADERS 1
| #define HAVE_SYS_TYPES_H 1
| #define HAVE_SYS_STAT_H 1
| #define HAVE_STDLIB_H 1
| #define HAVE_STRING_H 1
| #define HAVE_MEMORY_H 1
| #define HAVE_STRINGS_H 1
| #define HAVE_INTTYPES_H 1
| #define HAVE_STDINT_H 1
| #define HAVE_UNISTD_H 1
| #define __EXTENSIONS__ 1
| #define _ALL_SOURCE 1
| #define _GNU_SOURCE 1
| #define _POSIX_PTHREAD_SEMANTICS 1
| #define _TANDEM_SOURCE 1
| #define HAVE_DECL_STRERROR_R 1
| #define HAVE_STRERROR_R 1
| #define STRERROR_R_CHAR_P 1
| /* end confdefs.h.  */
| #include <stdio.h>
| #ifdef HAVE_SYS_TYPES_H
| # include <sys/types.h>
| #endif
| #ifdef HAVE_SYS_STAT_H
| # include <sys/stat.h>
| #endif
| #ifdef STDC_HEADERS
| # include <stdlib.h>
| # include <stddef.h>
| #else
| # ifdef HAVE_STDLIB_H
| #  include <stdlib.h>
| # endif
| #endif
| #ifdef HAVE_STRING_H
| # if !defined STDC_HEADERS && defined HAVE_MEMORY_H
| #  include <memory.h>
| # endif
| # include <string.h>
| #endif
| #ifdef HAVE_STRINGS_H
| # include <strings.h>
| #endif
| #ifdef HAVE_INTTYPES_H
| # include <inttypes.h>
| #endif
| #ifdef HAVE_STDINT_H
| # include <stdint.h>
| #endif
| #ifdef HAVE_UNISTD_H
| # include <unistd.h>
| #endif
| #include <vmware.h>
configure:5528: result: no
configure:5528: checking vmware.h presence
configure:5528: gcc -E  conftest.c
conftest.c:29:20: fatal error: vmware.h: No such file or directory
compilation terminated.
configure:5528: $? = 1
configure: failed program was:
| /* confdefs.h */
| #define PACKAGE_NAME "openvswitch"
| #define PACKAGE_TARNAME "openvswitch"
| #define PACKAGE_VERSION "2.0.0"
| #define PACKAGE_STRING "openvswitch 2.0.0"
| #define PACKAGE_BUGREPORT "ovs-bugs@openvswitch.org"
| #define PACKAGE_URL ""
| #define PACKAGE "openvswitch"
| #define VERSION "2.0.0"
| #define STDC_HEADERS 1
| #define HAVE_SYS_TYPES_H 1
| #define HAVE_SYS_STAT_H 1
| #define HAVE_STDLIB_H 1
| #define HAVE_STRING_H 1
| #define HAVE_MEMORY_H 1
| #define HAVE_STRINGS_H 1
| #define HAVE_INTTYPES_H 1
| #define HAVE_STDINT_H 1
| #define HAVE_UNISTD_H 1
| #define __EXTENSIONS__ 1
| #define _ALL_SOURCE 1
| #define _GNU_SOURCE 1
| #define _POSIX_PTHREAD_SEMANTICS 1
| #define _TANDEM_SOURCE 1
| #define HAVE_DECL_STRERROR_R 1
| #define HAVE_STRERROR_R 1
| #define STRERROR_R_CHAR_P 1
| /* end confdefs.h.  */
| #include <vmware.h>
configure:5528: result: no
configure:5528: checking for vmware.h
configure:5528: result: no
configure:5584: checking for linux/netlink.h
configure:5584: gcc -c -g -O2  conftest.c >&5
configure:5584: $? = 0
configure:5584: result: yes
configure:5641: checking for pkg-config
configure:5674: result: no
configure:5704: checking for openssl/ssl.h in /usr/local/ssl
configure:5715: result: no
configure:5704: checking for openssl/ssl.h in /usr/lib/ssl
configure:5715: result: no
configure:5704: checking for openssl/ssl.h in /usr/ssl
configure:5715: result: no
configure:5704: checking for openssl/ssl.h in /usr/pkg
configure:5715: result: no
configure:5704: checking for openssl/ssl.h in /usr/local
configure:5715: result: no
configure:5704: checking for openssl/ssl.h in /usr
configure:5711: result: yes
configure:5727: checking whether compiling and linking against OpenSSL works
Trying link with SSL_LDFLAGS=-L/usr/lib; SSL_LIBS=-lssl -lcrypto; SSL_INCLUDES=-I/usr/include
configure:5749: gcc -o conftest -g -O2 -I/usr/include   -L/usr/lib conftest.c -lssl -lcrypto -lpthread -lrt -lm  >&5
configure:5749: $? = 0
configure:5751: result: yes
configure:5814: checking for Python 2.x for x >= 4
configure:5840: result: /usr/bin/python
configure:5860: checking for pyuic4
configure:5871: result: no
configure:5880: checking for PySide.QtCore Python module
running /usr/bin/python -c 'import PySide.QtCore
import sys
sys.exit(0)'...
Traceback (most recent call last):
  File "<string>", line 1, in <module>
ImportError: No module named PySide.QtCore
configure:5897: result: no
configure:5900: checking for PyQt4.QtCore Python module
running /usr/bin/python -c 'import PyQt4.QtCore
import sys
sys.exit(0)'...
Traceback (most recent call last):
  File "<string>", line 1, in <module>
ImportError: No module named PyQt4.QtCore
configure:5917: result: no
configure:5920: checking for twisted.conch.ssh Python module
running /usr/bin/python -c 'import twisted.conch.ssh
import sys
sys.exit(0)'...
Traceback (most recent call last):
  File "<string>", line 1, in <module>
ImportError: No module named twisted.conch.ssh
configure:5937: result: no
configure:5940: checking for twisted.internet Python module
running /usr/bin/python -c 'import twisted.internet
import sys
sys.exit(0)'...
Traceback (most recent call last):
  File "<string>", line 1, in <module>
ImportError: No module named twisted.internet
configure:5957: result: no
configure:5960: checking for twisted.application Python module
running /usr/bin/python -c 'import twisted.application
import sys
sys.exit(0)'...
Traceback (most recent call last):
  File "<string>", line 1, in <module>
ImportError: No module named twisted.application
configure:5977: result: no
configure:5980: checking for json Python module
running /usr/bin/python -c 'import json
import sys
sys.exit(0)'...
configure:5997: result: yes
configure:6000: checking for zope.interface Python module
running /usr/bin/python -c 'import zope.interface
import sys
sys.exit(0)'...
Traceback (most recent call last):
  File "<string>", line 1, in <module>
ImportError: No module named zope.interface
configure:6017: result: no
configure:6030: checking whether to build ovsdbmonitor
configure:6032: result: no
configure:6042: checking for dot
configure:6053: result: no
configure:6063: checking net/if_packet.h usability
configure:6063: gcc -c -g -O2  conftest.c >&5
configure:6063: $? = 0
configure:6063: result: yes
configure:6063: checking net/if_packet.h presence
configure:6063: gcc -E  conftest.c
configure:6063: $? = 0
configure:6063: result: yes
configure:6063: checking for net/if_packet.h
configure:6063: result: yes
configure:6084: checking net/if_dl.h usability
configure:6084: gcc -c -g -O2  conftest.c >&5
conftest.c:65:23: fatal error: net/if_dl.h: No such file or directory
compilation terminated.
configure:6084: $? = 1
configure: failed program was:
| /* confdefs.h */
| #define PACKAGE_NAME "openvswitch"
| #define PACKAGE_TARNAME "openvswitch"
| #define PACKAGE_VERSION "2.0.0"
| #define PACKAGE_STRING "openvswitch 2.0.0"
| #define PACKAGE_BUGREPORT "ovs-bugs@openvswitch.org"
| #define PACKAGE_URL ""
| #define PACKAGE "openvswitch"
| #define VERSION "2.0.0"
| #define STDC_HEADERS 1
| #define HAVE_SYS_TYPES_H 1
| #define HAVE_SYS_STAT_H 1
| #define HAVE_STDLIB_H 1
| #define HAVE_STRING_H 1
| #define HAVE_MEMORY_H 1
| #define HAVE_STRINGS_H 1
| #define HAVE_INTTYPES_H 1
| #define HAVE_STDINT_H 1
| #define HAVE_UNISTD_H 1
| #define __EXTENSIONS__ 1
| #define _ALL_SOURCE 1
| #define _GNU_SOURCE 1
| #define _POSIX_PTHREAD_SEMANTICS 1
| #define _TANDEM_SOURCE 1
| #define HAVE_DECL_STRERROR_R 1
| #define HAVE_STRERROR_R 1
| #define STRERROR_R_CHAR_P 1
| #define HAVE_NETLINK 1
| #define HAVE_OPENSSL 1
| #define HAVE_IF_PACKET 1
| /* end confdefs.h.  */
| #include <stdio.h>
| #ifdef HAVE_SYS_TYPES_H
| # include <sys/types.h>
| #endif
| #ifdef HAVE_SYS_STAT_H
| # include <sys/stat.h>
| #endif
| #ifdef STDC_HEADERS
| # include <stdlib.h>
| # include <stddef.h>
| #else
| # ifdef HAVE_STDLIB_H
| #  include <stdlib.h>
| # endif
| #endif
| #ifdef HAVE_STRING_H
| # if !defined STDC_HEADERS && defined HAVE_MEMORY_H
| #  include <memory.h>
| # endif
| # include <string.h>
| #endif
| #ifdef HAVE_STRINGS_H
| # include <strings.h>
| #endif
| #ifdef HAVE_INTTYPES_H
| # include <inttypes.h>
| #endif
| #ifdef HAVE_STDINT_H
| # include <stdint.h>
| #endif
| #ifdef HAVE_UNISTD_H
| # include <unistd.h>
| #endif
| #include <net/if_dl.h>
configure:6084: result: no
configure:6084: checking net/if_dl.h presence
configure:6084: gcc -E  conftest.c
conftest.c:32:23: fatal error: net/if_dl.h: No such file or directory
compilation terminated.
configure:6084: $? = 1
configure: failed program was:
| /* confdefs.h */
| #define PACKAGE_NAME "openvswitch"
| #define PACKAGE_TARNAME "openvswitch"
| #define PACKAGE_VERSION "2.0.0"
| #define PACKAGE_STRING "openvswitch 2.0.0"
| #define PACKAGE_BUGREPORT "ovs-bugs@openvswitch.org"
| #define PACKAGE_URL ""
| #define PACKAGE "openvswitch"
| #define VERSION "2.0.0"
| #define STDC_HEADERS 1
| #define HAVE_SYS_TYPES_H 1
| #define HAVE_SYS_STAT_H 1
| #define HAVE_STDLIB_H 1
| #define HAVE_STRING_H 1
| #define HAVE_MEMORY_H 1
| #define HAVE_STRINGS_H 1
| #define HAVE_INTTYPES_H 1
| #define HAVE_STDINT_H 1
| #define HAVE_UNISTD_H 1
| #define __EXTENSIONS__ 1
| #define _ALL_SOURCE 1
| #define _GNU_SOURCE 1
| #define _POSIX_PTHREAD_SEMANTICS 1
| #define _TANDEM_SOURCE 1
| #define HAVE_DECL_STRERROR_R 1
| #define HAVE_STRERROR_R 1
| #define STRERROR_R_CHAR_P 1
| #define HAVE_NETLINK 1
| #define HAVE_OPENSSL 1
| #define HAVE_IF_PACKET 1
| /* end confdefs.h.  */
| #include <net/if_dl.h>
configure:6084: result: no
configure:6084: checking for net/if_dl.h
configure:6084: result: no
configure:6163: checking whether strtok_r macro segfaults on some inputs
configure:6192: gcc -o conftest -g -O2   conftest.c -lpthread -lrt -lm  >&5
conftest.c: In function 'main':
conftest.c:43:36: warning: ignoring return value of 'freopen', declared with attribute warn_unused_result [-Wunused-result]
configure:6192: $? = 0
configure:6192: ./conftest
configure:6192: $? = 0
configure:6202: result: no
configure:6210: checking whether sys_siglist is declared
configure:6210: gcc -c -g -O2  conftest.c >&5
configure:6210: $? = 0
configure:6210: result: yes
configure:6222: checking for struct stat.st_mtim.tv_nsec
configure:6222: gcc -c -g -O2  conftest.c >&5
configure:6222: $? = 0
configure:6222: result: yes
configure:6232: checking for struct stat.st_mtimensec
configure:6232: gcc -c -g -O2  conftest.c >&5
conftest.c: In function 'main':
conftest.c:40:12: error: 'struct stat' has no member named 'st_mtimensec'
configure:6232: $? = 1
configure: failed program was:
| /* confdefs.h */
| #define PACKAGE_NAME "openvswitch"
| #define PACKAGE_TARNAME "openvswitch"
| #define PACKAGE_VERSION "2.0.0"
| #define PACKAGE_STRING "openvswitch 2.0.0"
| #define PACKAGE_BUGREPORT "ovs-bugs@openvswitch.org"
| #define PACKAGE_URL ""
| #define PACKAGE "openvswitch"
| #define VERSION "2.0.0"
| #define STDC_HEADERS 1
| #define HAVE_SYS_TYPES_H 1
| #define HAVE_SYS_STAT_H 1
| #define HAVE_STDLIB_H 1
| #define HAVE_STRING_H 1
| #define HAVE_MEMORY_H 1
| #define HAVE_STRINGS_H 1
| #define HAVE_INTTYPES_H 1
| #define HAVE_STDINT_H 1
| #define HAVE_UNISTD_H 1
| #define __EXTENSIONS__ 1
| #define _ALL_SOURCE 1
| #define _GNU_SOURCE 1
| #define _POSIX_PTHREAD_SEMANTICS 1
| #define _TANDEM_SOURCE 1
| #define HAVE_DECL_STRERROR_R 1
| #define HAVE_STRERROR_R 1
| #define STRERROR_R_CHAR_P 1
| #define HAVE_NETLINK 1
| #define HAVE_OPENSSL 1
| #define HAVE_IF_PACKET 1
| #define HAVE_DECL_SYS_SIGLIST 1
| #define HAVE_STRUCT_STAT_ST_MTIM_TV_NSEC 1
| /* end confdefs.h.  */
| #include <sys/stat.h>
| 
| int
| main ()
| {
| static struct stat ac_aggr;
| if (ac_aggr.st_mtimensec)
| return 0;
|   ;
|   return 0;
| }
configure:6232: gcc -c -g -O2  conftest.c >&5
conftest.c: In function 'main':
conftest.c:40:19: error: 'struct stat' has no member named 'st_mtimensec'
configure:6232: $? = 1
configure: failed program was:
| /* confdefs.h */
| #define PACKAGE_NAME "openvswitch"
| #define PACKAGE_TARNAME "openvswitch"
| #define PACKAGE_VERSION "2.0.0"
| #define PACKAGE_STRING "openvswitch 2.0.0"
| #define PACKAGE_BUGREPORT "ovs-bugs@openvswitch.org"
| #define PACKAGE_URL ""
| #define PACKAGE "openvswitch"
| #define VERSION "2.0.0"
| #define STDC_HEADERS 1
| #define HAVE_SYS_TYPES_H 1
| #define HAVE_SYS_STAT_H 1
| #define HAVE_STDLIB_H 1
| #define HAVE_STRING_H 1
| #define HAVE_MEMORY_H 1
| #define HAVE_STRINGS_H 1
| #define HAVE_INTTYPES_H 1
| #define HAVE_STDINT_H 1
| #define HAVE_UNISTD_H 1
| #define __EXTENSIONS__ 1
| #define _ALL_SOURCE 1
| #define _GNU_SOURCE 1
| #define _POSIX_PTHREAD_SEMANTICS 1
| #define _TANDEM_SOURCE 1
| #define HAVE_DECL_STRERROR_R 1
| #define HAVE_STRERROR_R 1
| #define STRERROR_R_CHAR_P 1
| #define HAVE_NETLINK 1
| #define HAVE_OPENSSL 1
| #define HAVE_IF_PACKET 1
| #define HAVE_DECL_SYS_SIGLIST 1
| #define HAVE_STRUCT_STAT_ST_MTIM_TV_NSEC 1
| /* end confdefs.h.  */
| #include <sys/stat.h>
| 
| int
| main ()
| {
| static struct stat ac_aggr;
| if (sizeof ac_aggr.st_mtimensec)
| return 0;
|   ;
|   return 0;
| }
configure:6232: result: no
configure:6243: checking for struct ifreq.ifr_flagshigh
configure:6243: gcc -c -g -O2  conftest.c >&5
conftest.c: In function 'main':
conftest.c:40:12: error: 'struct ifreq' has no member named 'ifr_flagshigh'
configure:6243: $? = 1
configure: failed program was:
| /* confdefs.h */
| #define PACKAGE_NAME "openvswitch"
| #define PACKAGE_TARNAME "openvswitch"
| #define PACKAGE_VERSION "2.0.0"
| #define PACKAGE_STRING "openvswitch 2.0.0"
| #define PACKAGE_BUGREPORT "ovs-bugs@openvswitch.org"
| #define PACKAGE_URL ""
| #define PACKAGE "openvswitch"
| #define VERSION "2.0.0"
| #define STDC_HEADERS 1
| #define HAVE_SYS_TYPES_H 1
| #define HAVE_SYS_STAT_H 1
| #define HAVE_STDLIB_H 1
| #define HAVE_STRING_H 1
| #define HAVE_MEMORY_H 1
| #define HAVE_STRINGS_H 1
| #define HAVE_INTTYPES_H 1
| #define HAVE_STDINT_H 1
| #define HAVE_UNISTD_H 1
| #define __EXTENSIONS__ 1
| #define _ALL_SOURCE 1
| #define _GNU_SOURCE 1
| #define _POSIX_PTHREAD_SEMANTICS 1
| #define _TANDEM_SOURCE 1
| #define HAVE_DECL_STRERROR_R 1
| #define HAVE_STRERROR_R 1
| #define STRERROR_R_CHAR_P 1
| #define HAVE_NETLINK 1
| #define HAVE_OPENSSL 1
| #define HAVE_IF_PACKET 1
| #define HAVE_DECL_SYS_SIGLIST 1
| #define HAVE_STRUCT_STAT_ST_MTIM_TV_NSEC 1
| /* end confdefs.h.  */
| #include <net/if.h>
| 
| int
| main ()
| {
| static struct ifreq ac_aggr;
| if (ac_aggr.ifr_flagshigh)
| return 0;
|   ;
|   return 0;
| }
configure:6243: gcc -c -g -O2  conftest.c >&5
conftest.c: In function 'main':
conftest.c:40:19: error: 'struct ifreq' has no member named 'ifr_flagshigh'
configure:6243: $? = 1
configure: failed program was:
| /* confdefs.h */
| #define PACKAGE_NAME "openvswitch"
| #define PACKAGE_TARNAME "openvswitch"
| #define PACKAGE_VERSION "2.0.0"
| #define PACKAGE_STRING "openvswitch 2.0.0"
| #define PACKAGE_BUGREPORT "ovs-bugs@openvswitch.org"
| #define PACKAGE_URL ""
| #define PACKAGE "openvswitch"
| #define VERSION "2.0.0"
| #define STDC_HEADERS 1
| #define HAVE_SYS_TYPES_H 1
| #define HAVE_SYS_STAT_H 1
| #define HAVE_STDLIB_H 1
| #define HAVE_STRING_H 1
| #define HAVE_MEMORY_H 1
| #define HAVE_STRINGS_H 1
| #define HAVE_INTTYPES_H 1
| #define HAVE_STDINT_H 1
| #define HAVE_UNISTD_H 1
| #define __EXTENSIONS__ 1
| #define _ALL_SOURCE 1
| #define _GNU_SOURCE 1
| #define _POSIX_PTHREAD_SEMANTICS 1
| #define _TANDEM_SOURCE 1
| #define HAVE_DECL_STRERROR_R 1
| #define HAVE_STRERROR_R 1
| #define STRERROR_R_CHAR_P 1
| #define HAVE_NETLINK 1
| #define HAVE_OPENSSL 1
| #define HAVE_IF_PACKET 1
| #define HAVE_DECL_SYS_SIGLIST 1
| #define HAVE_STRUCT_STAT_ST_MTIM_TV_NSEC 1
| /* end confdefs.h.  */
| #include <net/if.h>
| 
| int
| main ()
| {
| static struct ifreq ac_aggr;
| if (sizeof ac_aggr.ifr_flagshigh)
| return 0;
|   ;
|   return 0;
| }
configure:6243: result: no
configure:6257: checking for mlockall
configure:6257: gcc -o conftest -g -O2   conftest.c -lpthread -lrt -lm  >&5
configure:6257: $? = 0
configure:6257: result: yes
configure:6257: checking for strnlen
configure:6257: gcc -o conftest -g -O2   conftest.c -lpthread -lrt -lm  >&5
configure:6257: $? = 0
configure:6257: result: yes
configure:6257: checking for getloadavg
configure:6257: gcc -o conftest -g -O2   conftest.c -lpthread -lrt -lm  >&5
configure:6257: $? = 0
configure:6257: result: yes
configure:6257: checking for statvfs
configure:6257: gcc -o conftest -g -O2   conftest.c -lpthread -lrt -lm  >&5
configure:6257: $? = 0
configure:6257: result: yes
configure:6257: checking for getmntent_r
configure:6257: gcc -o conftest -g -O2   conftest.c -lpthread -lrt -lm  >&5
configure:6257: $? = 0
configure:6257: result: yes
configure:6269: checking mntent.h usability
configure:6269: gcc -c -g -O2  conftest.c >&5
configure:6269: $? = 0
configure:6269: result: yes
configure:6269: checking mntent.h presence
configure:6269: gcc -E  conftest.c
configure:6269: $? = 0
configure:6269: result: yes
configure:6269: checking for mntent.h
configure:6269: result: yes
configure:6269: checking sys/statvfs.h usability
configure:6269: gcc -c -g -O2  conftest.c >&5
configure:6269: $? = 0
configure:6269: result: yes
configure:6269: checking sys/statvfs.h presence
configure:6269: gcc -E  conftest.c
configure:6269: $? = 0
configure:6269: result: yes
configure:6269: checking for sys/statvfs.h
configure:6269: result: yes
configure:6269: checking linux/types.h usability
configure:6269: gcc -c -g -O2  conftest.c >&5
configure:6269: $? = 0
configure:6269: result: yes
configure:6269: checking linux/types.h presence
configure:6269: gcc -E  conftest.c
configure:6269: $? = 0
configure:6269: result: yes
configure:6269: checking for linux/types.h
configure:6269: result: yes
configure:6269: checking linux/if_ether.h usability
configure:6269: gcc -c -g -O2  conftest.c >&5
configure:6269: $? = 0
configure:6269: result: yes
configure:6269: checking linux/if_ether.h presence
configure:6269: gcc -E  conftest.c
configure:6269: $? = 0
configure:6269: result: yes
configure:6269: checking for linux/if_ether.h
configure:6269: result: yes
configure:6269: checking stdatomic.h usability
configure:6269: gcc -c -g -O2  conftest.c >&5
conftest.c:76:23: fatal error: stdatomic.h: No such file or directory
compilation terminated.
configure:6269: $? = 1
configure: failed program was:
| /* confdefs.h */
| #define PACKAGE_NAME "openvswitch"
| #define PACKAGE_TARNAME "openvswitch"
| #define PACKAGE_VERSION "2.0.0"
| #define PACKAGE_STRING "openvswitch 2.0.0"
| #define PACKAGE_BUGREPORT "ovs-bugs@openvswitch.org"
| #define PACKAGE_URL ""
| #define PACKAGE "openvswitch"
| #define VERSION "2.0.0"
| #define STDC_HEADERS 1
| #define HAVE_SYS_TYPES_H 1
| #define HAVE_SYS_STAT_H 1
| #define HAVE_STDLIB_H 1
| #define HAVE_STRING_H 1
| #define HAVE_MEMORY_H 1
| #define HAVE_STRINGS_H 1
| #define HAVE_INTTYPES_H 1
| #define HAVE_STDINT_H 1
| #define HAVE_UNISTD_H 1
| #define __EXTENSIONS__ 1
| #define _ALL_SOURCE 1
| #define _GNU_SOURCE 1
| #define _POSIX_PTHREAD_SEMANTICS 1
| #define _TANDEM_SOURCE 1
| #define HAVE_DECL_STRERROR_R 1
| #define HAVE_STRERROR_R 1
| #define STRERROR_R_CHAR_P 1
| #define HAVE_NETLINK 1
| #define HAVE_OPENSSL 1
| #define HAVE_IF_PACKET 1
| #define HAVE_DECL_SYS_SIGLIST 1
| #define HAVE_STRUCT_STAT_ST_MTIM_TV_NSEC 1
| #define HAVE_MLOCKALL 1
| #define HAVE_STRNLEN 1
| #define HAVE_GETLOADAVG 1
| #define HAVE_STATVFS 1
| #define HAVE_GETMNTENT_R 1
| #define HAVE_MNTENT_H 1
| #define HAVE_SYS_STATVFS_H 1
| #define HAVE_LINUX_TYPES_H 1
| #define HAVE_LINUX_IF_ETHER_H 1
| /* end confdefs.h.  */
| #include <stdio.h>
| #ifdef HAVE_SYS_TYPES_H
| # include <sys/types.h>
| #endif
| #ifdef HAVE_SYS_STAT_H
| # include <sys/stat.h>
| #endif
| #ifdef STDC_HEADERS
| # include <stdlib.h>
| # include <stddef.h>
| #else
| # ifdef HAVE_STDLIB_H
| #  include <stdlib.h>
| # endif
| #endif
| #ifdef HAVE_STRING_H
| # if !defined STDC_HEADERS && defined HAVE_MEMORY_H
| #  include <memory.h>
| # endif
| # include <string.h>
| #endif
| #ifdef HAVE_STRINGS_H
| # include <strings.h>
| #endif
| #ifdef HAVE_INTTYPES_H
| # include <inttypes.h>
| #endif
| #ifdef HAVE_STDINT_H
| # include <stdint.h>
| #endif
| #ifdef HAVE_UNISTD_H
| # include <unistd.h>
| #endif
| #include <stdatomic.h>
configure:6269: result: no
configure:6269: checking stdatomic.h presence
configure:6269: gcc -E  conftest.c
conftest.c:43:23: fatal error: stdatomic.h: No such file or directory
compilation terminated.
configure:6269: $? = 1
configure: failed program was:
| /* confdefs.h */
| #define PACKAGE_NAME "openvswitch"
| #define PACKAGE_TARNAME "openvswitch"
| #define PACKAGE_VERSION "2.0.0"
| #define PACKAGE_STRING "openvswitch 2.0.0"
| #define PACKAGE_BUGREPORT "ovs-bugs@openvswitch.org"
| #define PACKAGE_URL ""
| #define PACKAGE "openvswitch"
| #define VERSION "2.0.0"
| #define STDC_HEADERS 1
| #define HAVE_SYS_TYPES_H 1
| #define HAVE_SYS_STAT_H 1
| #define HAVE_STDLIB_H 1
| #define HAVE_STRING_H 1
| #define HAVE_MEMORY_H 1
| #define HAVE_STRINGS_H 1
| #define HAVE_INTTYPES_H 1
| #define HAVE_STDINT_H 1
| #define HAVE_UNISTD_H 1
| #define __EXTENSIONS__ 1
| #define _ALL_SOURCE 1
| #define _GNU_SOURCE 1
| #define _POSIX_PTHREAD_SEMANTICS 1
| #define _TANDEM_SOURCE 1
| #define HAVE_DECL_STRERROR_R 1
| #define HAVE_STRERROR_R 1
| #define STRERROR_R_CHAR_P 1
| #define HAVE_NETLINK 1
| #define HAVE_OPENSSL 1
| #define HAVE_IF_PACKET 1
| #define HAVE_DECL_SYS_SIGLIST 1
| #define HAVE_STRUCT_STAT_ST_MTIM_TV_NSEC 1
| #define HAVE_MLOCKALL 1
| #define HAVE_STRNLEN 1
| #define HAVE_GETLOADAVG 1
| #define HAVE_STATVFS 1
| #define HAVE_GETMNTENT_R 1
| #define HAVE_MNTENT_H 1
| #define HAVE_SYS_STATVFS_H 1
| #define HAVE_LINUX_TYPES_H 1
| #define HAVE_LINUX_IF_ETHER_H 1
| /* end confdefs.h.  */
| #include <stdatomic.h>
configure:6269: result: no
configure:6269: checking for stdatomic.h
configure:6269: result: no
configure:6281: checking for net/if_mib.h
configure:6281: gcc -c -g -O2  conftest.c >&5
conftest.c:46:24: fatal error: net/if_mib.h: No such file or directory
compilation terminated.
configure:6281: $? = 1
configure: failed program was:
| /* confdefs.h */
| #define PACKAGE_NAME "openvswitch"
| #define PACKAGE_TARNAME "openvswitch"
| #define PACKAGE_VERSION "2.0.0"
| #define PACKAGE_STRING "openvswitch 2.0.0"
| #define PACKAGE_BUGREPORT "ovs-bugs@openvswitch.org"
| #define PACKAGE_URL ""
| #define PACKAGE "openvswitch"
| #define VERSION "2.0.0"
| #define STDC_HEADERS 1
| #define HAVE_SYS_TYPES_H 1
| #define HAVE_SYS_STAT_H 1
| #define HAVE_STDLIB_H 1
| #define HAVE_STRING_H 1
| #define HAVE_MEMORY_H 1
| #define HAVE_STRINGS_H 1
| #define HAVE_INTTYPES_H 1
| #define HAVE_STDINT_H 1
| #define HAVE_UNISTD_H 1
| #define __EXTENSIONS__ 1
| #define _ALL_SOURCE 1
| #define _GNU_SOURCE 1
| #define _POSIX_PTHREAD_SEMANTICS 1
| #define _TANDEM_SOURCE 1
| #define HAVE_DECL_STRERROR_R 1
| #define HAVE_STRERROR_R 1
| #define STRERROR_R_CHAR_P 1
| #define HAVE_NETLINK 1
| #define HAVE_OPENSSL 1
| #define HAVE_IF_PACKET 1
| #define HAVE_DECL_SYS_SIGLIST 1
| #define HAVE_STRUCT_STAT_ST_MTIM_TV_NSEC 1
| #define HAVE_MLOCKALL 1
| #define HAVE_STRNLEN 1
| #define HAVE_GETLOADAVG 1
| #define HAVE_STATVFS 1
| #define HAVE_GETMNTENT_R 1
| #define HAVE_MNTENT_H 1
| #define HAVE_SYS_STATVFS_H 1
| #define HAVE_LINUX_TYPES_H 1
| #define HAVE_LINUX_IF_ETHER_H 1
| /* end confdefs.h.  */
| #include <sys/types.h>
| #include <net/if.h>
| 
| #include <net/if_mib.h>
configure:6281: result: no
configure:6321: checking for library containing backtrace
configure:6352: gcc -o conftest -g -O2   conftest.c -lpthread -lrt -lm  >&5
configure:6352: $? = 0
configure:6369: result: none required
configure:6379: checking whether libc supports hooks for malloc and related functions
configure:6398: gcc -c -g -O2  conftest.c >&5
conftest.c: In function 'main':
conftest.c:49:1: warning: '__malloc_hook' is deprecated (declared at /usr/include/malloc.h:176) [-Wdeprecated-declarations]
conftest.c:50:11: warning: '__realloc_hook' is deprecated (declared at /usr/include/malloc.h:179) [-Wdeprecated-declarations]
conftest.c:51:11: warning: '__free_hook' is deprecated (declared at /usr/include/malloc.h:173) [-Wdeprecated-declarations]
configure:6398: $? = 0
configure:6405: result: yes
configure:6414: checking valgrind/valgrind.h usability
configure:6414: gcc -c -g -O2  conftest.c >&5
configure:6414: $? = 0
configure:6414: result: yes
configure:6414: checking valgrind/valgrind.h presence
configure:6414: gcc -E  conftest.c
configure:6414: $? = 0
configure:6414: result: yes
configure:6414: checking for valgrind/valgrind.h
configure:6414: result: yes
configure:6424: checking for connect in -lsocket
configure:6449: gcc -o conftest -g -O2   conftest.c -lsocket  -lpthread -lrt -lm  >&5
/usr/bin/ld: cannot find -lsocket
collect2: ld returned 1 exit status
configure:6449: $? = 1
configure: failed program was:
| /* confdefs.h */
| #define PACKAGE_NAME "openvswitch"
| #define PACKAGE_TARNAME "openvswitch"
| #define PACKAGE_VERSION "2.0.0"
| #define PACKAGE_STRING "openvswitch 2.0.0"
| #define PACKAGE_BUGREPORT "ovs-bugs@openvswitch.org"
| #define PACKAGE_URL ""
| #define PACKAGE "openvswitch"
| #define VERSION "2.0.0"
| #define STDC_HEADERS 1
| #define HAVE_SYS_TYPES_H 1
| #define HAVE_SYS_STAT_H 1
| #define HAVE_STDLIB_H 1
| #define HAVE_STRING_H 1
| #define HAVE_MEMORY_H 1
| #define HAVE_STRINGS_H 1
| #define HAVE_INTTYPES_H 1
| #define HAVE_STDINT_H 1
| #define HAVE_UNISTD_H 1
| #define __EXTENSIONS__ 1
| #define _ALL_SOURCE 1
| #define _GNU_SOURCE 1
| #define _POSIX_PTHREAD_SEMANTICS 1
| #define _TANDEM_SOURCE 1
| #define HAVE_DECL_STRERROR_R 1
| #define HAVE_STRERROR_R 1
| #define STRERROR_R_CHAR_P 1
| #define HAVE_NETLINK 1
| #define HAVE_OPENSSL 1
| #define HAVE_IF_PACKET 1
| #define HAVE_DECL_SYS_SIGLIST 1
| #define HAVE_STRUCT_STAT_ST_MTIM_TV_NSEC 1
| #define HAVE_MLOCKALL 1
| #define HAVE_STRNLEN 1
| #define HAVE_GETLOADAVG 1
| #define HAVE_STATVFS 1
| #define HAVE_GETMNTENT_R 1
| #define HAVE_MNTENT_H 1
| #define HAVE_SYS_STATVFS_H 1
| #define HAVE_LINUX_TYPES_H 1
| #define HAVE_LINUX_IF_ETHER_H 1
| #define HAVE_BACKTRACE 1
| #define HAVE_MALLOC_HOOKS 1
| #define HAVE_VALGRIND_VALGRIND_H 1
| /* end confdefs.h.  */
| 
| /* Override any GCC internal prototype to avoid an error.
|    Use char because int might match the return type of a GCC
|    builtin and then its argument prototype would still apply.  */
| #ifdef __cplusplus
| extern "C"
| #endif
| char connect ();
| int
| main ()
| {
| return connect ();
|   ;
|   return 0;
| }
configure:6458: result: no
configure:6469: checking for library containing gethostbyname
configure:6500: gcc -o conftest -g -O2   conftest.c -lpthread -lrt -lm  >&5
configure:6500: $? = 0
configure:6517: result: none required
configure:6525: checking for user-defined linker section support
configure:6562: gcc -o conftest -g -O2   conftest1.c conftest2.c -lpthread -lrt -lm  >&5
configure:6571: $? = 0
configure:6593: result: yes
configure:6608: checking XenServer release
configure:6620: result: none
configure:6632: checking for groff
configure:6643: result: yes
configure:6653: checking whether make is GNU make
configure:6659: invoking make --version:
GNU Make 3.81
Copyright (C) 2006  Free Software Foundation, Inc.
This is free software; see the source for copying conditions.
There is NO warranty; not even for MERCHANTABILITY or FITNESS FOR A
PARTICULAR PURPOSE.

This program built for x86_64-pc-linux-gnu
configure:6670: result: yes
configure:6694: checking whether gcc has <threads.h> that supports thread_local
configure:6711: gcc -o conftest -g -O2   conftest.c -lpthread -lrt -lm  >&5
conftest.c:47:21: fatal error: threads.h: No such file or directory
compilation terminated.
configure:6711: $? = 1
configure: failed program was:
| /* confdefs.h */
| #define PACKAGE_NAME "openvswitch"
| #define PACKAGE_TARNAME "openvswitch"
| #define PACKAGE_VERSION "2.0.0"
| #define PACKAGE_STRING "openvswitch 2.0.0"
| #define PACKAGE_BUGREPORT "ovs-bugs@openvswitch.org"
| #define PACKAGE_URL ""
| #define PACKAGE "openvswitch"
| #define VERSION "2.0.0"
| #define STDC_HEADERS 1
| #define HAVE_SYS_TYPES_H 1
| #define HAVE_SYS_STAT_H 1
| #define HAVE_STDLIB_H 1
| #define HAVE_STRING_H 1
| #define HAVE_MEMORY_H 1
| #define HAVE_STRINGS_H 1
| #define HAVE_INTTYPES_H 1
| #define HAVE_STDINT_H 1
| #define HAVE_UNISTD_H 1
| #define __EXTENSIONS__ 1
| #define _ALL_SOURCE 1
| #define _GNU_SOURCE 1
| #define _POSIX_PTHREAD_SEMANTICS 1
| #define _TANDEM_SOURCE 1
| #define HAVE_DECL_STRERROR_R 1
| #define HAVE_STRERROR_R 1
| #define STRERROR_R_CHAR_P 1
| #define HAVE_NETLINK 1
| #define HAVE_OPENSSL 1
| #define HAVE_IF_PACKET 1
| #define HAVE_DECL_SYS_SIGLIST 1
| #define HAVE_STRUCT_STAT_ST_MTIM_TV_NSEC 1
| #define HAVE_MLOCKALL 1
| #define HAVE_STRNLEN 1
| #define HAVE_GETLOADAVG 1
| #define HAVE_STATVFS 1
| #define HAVE_GETMNTENT_R 1
| #define HAVE_MNTENT_H 1
| #define HAVE_SYS_STATVFS_H 1
| #define HAVE_LINUX_TYPES_H 1
| #define HAVE_LINUX_IF_ETHER_H 1
| #define HAVE_BACKTRACE 1
| #define HAVE_MALLOC_HOOKS 1
| #define HAVE_VALGRIND_VALGRIND_H 1
| #define USE_LINKER_SECTIONS 1
| /* end confdefs.h.  */
| #include <threads.h>
| static thread_local int var;
| int
| main ()
| {
| return var;
|   ;
|   return 0;
| }
configure:6719: result: no
configure:6726: checking whether gcc supports __thread
configure:6742: gcc -o conftest -g -O2   conftest.c -lpthread -lrt -lm  >&5
configure:6742: $? = 0
configure:6750: result: yes
configure:6758: checking whether gcc supports GCC 4.0+ atomic built-ins
configure:6825: gcc -o conftest -g -O2   conftest.c -lpthread -lrt -lm  >&5
configure:6825: $? = 0
configure:6833: result: yes
configure:6840: checking value of __atomic_always_lock_free(1)
configure:6845: gcc -o conftest -g -O2   conftest.c -lpthread -lrt -lm  >&5
/tmp/ccoUGAIS.o: In function `main':
/users/binh/openvswitch/conftest.c:61: undefined reference to `__atomic_always_lock_free'
/tmp/ccoUGAIS.o: In function `ulongval':
/users/binh/openvswitch/conftest.c:51: undefined reference to `__atomic_always_lock_free'
/tmp/ccoUGAIS.o: In function `main':
/users/binh/openvswitch/conftest.c:71: undefined reference to `__atomic_always_lock_free'
/tmp/ccoUGAIS.o: In function `longval':
/users/binh/openvswitch/conftest.c:50: undefined reference to `__atomic_always_lock_free'
/tmp/ccoUGAIS.o: In function `main':
/users/binh/openvswitch/conftest.c:64: undefined reference to `__atomic_always_lock_free'
collect2: ld returned 1 exit status
configure:6845: $? = 1
configure: program exited with status 1
configure: failed program was:
| /* confdefs.h */
| #define PACKAGE_NAME "openvswitch"
| #define PACKAGE_TARNAME "openvswitch"
| #define PACKAGE_VERSION "2.0.0"
| #define PACKAGE_STRING "openvswitch 2.0.0"
| #define PACKAGE_BUGREPORT "ovs-bugs@openvswitch.org"
| #define PACKAGE_URL ""
| #define PACKAGE "openvswitch"
| #define VERSION "2.0.0"
| #define STDC_HEADERS 1
| #define HAVE_SYS_TYPES_H 1
| #define HAVE_SYS_STAT_H 1
| #define HAVE_STDLIB_H 1
| #define HAVE_STRING_H 1
| #define HAVE_MEMORY_H 1
| #define HAVE_STRINGS_H 1
| #define HAVE_INTTYPES_H 1
| #define HAVE_STDINT_H 1
| #define HAVE_UNISTD_H 1
| #define __EXTENSIONS__ 1
| #define _ALL_SOURCE 1
| #define _GNU_SOURCE 1
| #define _POSIX_PTHREAD_SEMANTICS 1
| #define _TANDEM_SOURCE 1
| #define HAVE_DECL_STRERROR_R 1
| #define HAVE_STRERROR_R 1
| #define STRERROR_R_CHAR_P 1
| #define HAVE_NETLINK 1
| #define HAVE_OPENSSL 1
| #define HAVE_IF_PACKET 1
| #define HAVE_DECL_SYS_SIGLIST 1
| #define HAVE_STRUCT_STAT_ST_MTIM_TV_NSEC 1
| #define HAVE_MLOCKALL 1
| #define HAVE_STRNLEN 1
| #define HAVE_GETLOADAVG 1
| #define HAVE_STATVFS 1
| #define HAVE_GETMNTENT_R 1
| #define HAVE_MNTENT_H 1
| #define HAVE_SYS_STATVFS_H 1
| #define HAVE_LINUX_TYPES_H 1
| #define HAVE_LINUX_IF_ETHER_H 1
| #define HAVE_BACKTRACE 1
| #define HAVE_MALLOC_HOOKS 1
| #define HAVE_VALGRIND_VALGRIND_H 1
| #define USE_LINKER_SECTIONS 1
| #define HAVE___THREAD 1
| #define HAVE_GCC4_ATOMICS 1
| /* end confdefs.h.  */
| 
| static long int longval () { return __atomic_always_lock_free(1, 0); }
| static unsigned long int ulongval () { return __atomic_always_lock_free(1, 0); }
| #include <stdio.h>
| #include <stdlib.h>
| int
| main ()
| {
| 
|   FILE *f = fopen ("conftest.val", "w");
|   if (! f)
|     return 1;
|   if ((__atomic_always_lock_free(1, 0)) < 0)
|     {
|       long int i = longval ();
|       if (i != (__atomic_always_lock_free(1, 0)))
| 	return 1;
|       fprintf (f, "%ld", i);
|     }
|   else
|     {
|       unsigned long int i = ulongval ();
|       if (i != (__atomic_always_lock_free(1, 0)))
| 	return 1;
|       fprintf (f, "%lu", i);
|     }
|   /* Do not output a trailing newline, as this causes \r\n confusion
|      on some platforms.  */
|   return ferror (f) || fclose (f) != 0;
| 
|   ;
|   return 0;
| }
configure:6852: result: unsupported
configure:6861: checking value of __atomic_always_lock_free(2)
configure:6866: gcc -o conftest -g -O2   conftest.c -lpthread -lrt -lm  >&5
/tmp/cc8P2EyZ.o: In function `main':
/users/binh/openvswitch/conftest.c:62: undefined reference to `__atomic_always_lock_free'
/tmp/cc8P2EyZ.o: In function `ulongval':
/users/binh/openvswitch/conftest.c:52: undefined reference to `__atomic_always_lock_free'
/tmp/cc8P2EyZ.o: In function `main':
/users/binh/openvswitch/conftest.c:72: undefined reference to `__atomic_always_lock_free'
/tmp/cc8P2EyZ.o: In function `longval':
/users/binh/openvswitch/conftest.c:51: undefined reference to `__atomic_always_lock_free'
/tmp/cc8P2EyZ.o: In function `main':
/users/binh/openvswitch/conftest.c:65: undefined reference to `__atomic_always_lock_free'
collect2: ld returned 1 exit status
configure:6866: $? = 1
configure: program exited with status 1
configure: failed program was:
| /* confdefs.h */
| #define PACKAGE_NAME "openvswitch"
| #define PACKAGE_TARNAME "openvswitch"
| #define PACKAGE_VERSION "2.0.0"
| #define PACKAGE_STRING "openvswitch 2.0.0"
| #define PACKAGE_BUGREPORT "ovs-bugs@openvswitch.org"
| #define PACKAGE_URL ""
| #define PACKAGE "openvswitch"
| #define VERSION "2.0.0"
| #define STDC_HEADERS 1
| #define HAVE_SYS_TYPES_H 1
| #define HAVE_SYS_STAT_H 1
| #define HAVE_STDLIB_H 1
| #define HAVE_STRING_H 1
| #define HAVE_MEMORY_H 1
| #define HAVE_STRINGS_H 1
| #define HAVE_INTTYPES_H 1
| #define HAVE_STDINT_H 1
| #define HAVE_UNISTD_H 1
| #define __EXTENSIONS__ 1
| #define _ALL_SOURCE 1
| #define _GNU_SOURCE 1
| #define _POSIX_PTHREAD_SEMANTICS 1
| #define _TANDEM_SOURCE 1
| #define HAVE_DECL_STRERROR_R 1
| #define HAVE_STRERROR_R 1
| #define STRERROR_R_CHAR_P 1
| #define HAVE_NETLINK 1
| #define HAVE_OPENSSL 1
| #define HAVE_IF_PACKET 1
| #define HAVE_DECL_SYS_SIGLIST 1
| #define HAVE_STRUCT_STAT_ST_MTIM_TV_NSEC 1
| #define HAVE_MLOCKALL 1
| #define HAVE_STRNLEN 1
| #define HAVE_GETLOADAVG 1
| #define HAVE_STATVFS 1
| #define HAVE_GETMNTENT_R 1
| #define HAVE_MNTENT_H 1
| #define HAVE_SYS_STATVFS_H 1
| #define HAVE_LINUX_TYPES_H 1
| #define HAVE_LINUX_IF_ETHER_H 1
| #define HAVE_BACKTRACE 1
| #define HAVE_MALLOC_HOOKS 1
| #define HAVE_VALGRIND_VALGRIND_H 1
| #define USE_LINKER_SECTIONS 1
| #define HAVE___THREAD 1
| #define HAVE_GCC4_ATOMICS 1
| #define ATOMIC_ALWAYS_LOCK_FREE_1B unsupported
| /* end confdefs.h.  */
| 
| static long int longval () { return __atomic_always_lock_free(2, 0); }
| static unsigned long int ulongval () { return __atomic_always_lock_free(2, 0); }
| #include <stdio.h>
| #include <stdlib.h>
| int
| main ()
| {
| 
|   FILE *f = fopen ("conftest.val", "w");
|   if (! f)
|     return 1;
|   if ((__atomic_always_lock_free(2, 0)) < 0)
|     {
|       long int i = longval ();
|       if (i != (__atomic_always_lock_free(2, 0)))
| 	return 1;
|       fprintf (f, "%ld", i);
|     }
|   else
|     {
|       unsigned long int i = ulongval ();
|       if (i != (__atomic_always_lock_free(2, 0)))
| 	return 1;
|       fprintf (f, "%lu", i);
|     }
|   /* Do not output a trailing newline, as this causes \r\n confusion
|      on some platforms.  */
|   return ferror (f) || fclose (f) != 0;
| 
|   ;
|   return 0;
| }
configure:6873: result: unsupported
configure:6882: checking value of __atomic_always_lock_free(4)
configure:6887: gcc -o conftest -g -O2   conftest.c -lpthread -lrt -lm  >&5
/tmp/cc6ktU13.o: In function `main':
/users/binh/openvswitch/conftest.c:63: undefined reference to `__atomic_always_lock_free'
/tmp/cc6ktU13.o: In function `ulongval':
/users/binh/openvswitch/conftest.c:53: undefined reference to `__atomic_always_lock_free'
/tmp/cc6ktU13.o: In function `main':
/users/binh/openvswitch/conftest.c:73: undefined reference to `__atomic_always_lock_free'
/tmp/cc6ktU13.o: In function `longval':
/users/binh/openvswitch/conftest.c:52: undefined reference to `__atomic_always_lock_free'
/tmp/cc6ktU13.o: In function `main':
/users/binh/openvswitch/conftest.c:66: undefined reference to `__atomic_always_lock_free'
collect2: ld returned 1 exit status
configure:6887: $? = 1
configure: program exited with status 1
configure: failed program was:
| /* confdefs.h */
| #define PACKAGE_NAME "openvswitch"
| #define PACKAGE_TARNAME "openvswitch"
| #define PACKAGE_VERSION "2.0.0"
| #define PACKAGE_STRING "openvswitch 2.0.0"
| #define PACKAGE_BUGREPORT "ovs-bugs@openvswitch.org"
| #define PACKAGE_URL ""
| #define PACKAGE "openvswitch"
| #define VERSION "2.0.0"
| #define STDC_HEADERS 1
| #define HAVE_SYS_TYPES_H 1
| #define HAVE_SYS_STAT_H 1
| #define HAVE_STDLIB_H 1
| #define HAVE_STRING_H 1
| #define HAVE_MEMORY_H 1
| #define HAVE_STRINGS_H 1
| #define HAVE_INTTYPES_H 1
| #define HAVE_STDINT_H 1
| #define HAVE_UNISTD_H 1
| #define __EXTENSIONS__ 1
| #define _ALL_SOURCE 1
| #define _GNU_SOURCE 1
| #define _POSIX_PTHREAD_SEMANTICS 1
| #define _TANDEM_SOURCE 1
| #define HAVE_DECL_STRERROR_R 1
| #define HAVE_STRERROR_R 1
| #define STRERROR_R_CHAR_P 1
| #define HAVE_NETLINK 1
| #define HAVE_OPENSSL 1
| #define HAVE_IF_PACKET 1
| #define HAVE_DECL_SYS_SIGLIST 1
| #define HAVE_STRUCT_STAT_ST_MTIM_TV_NSEC 1
| #define HAVE_MLOCKALL 1
| #define HAVE_STRNLEN 1
| #define HAVE_GETLOADAVG 1
| #define HAVE_STATVFS 1
| #define HAVE_GETMNTENT_R 1
| #define HAVE_MNTENT_H 1
| #define HAVE_SYS_STATVFS_H 1
| #define HAVE_LINUX_TYPES_H 1
| #define HAVE_LINUX_IF_ETHER_H 1
| #define HAVE_BACKTRACE 1
| #define HAVE_MALLOC_HOOKS 1
| #define HAVE_VALGRIND_VALGRIND_H 1
| #define USE_LINKER_SECTIONS 1
| #define HAVE___THREAD 1
| #define HAVE_GCC4_ATOMICS 1
| #define ATOMIC_ALWAYS_LOCK_FREE_1B unsupported
| #define ATOMIC_ALWAYS_LOCK_FREE_2B unsupported
| /* end confdefs.h.  */
| 
| static long int longval () { return __atomic_always_lock_free(4, 0); }
| static unsigned long int ulongval () { return __atomic_always_lock_free(4, 0); }
| #include <stdio.h>
| #include <stdlib.h>
| int
| main ()
| {
| 
|   FILE *f = fopen ("conftest.val", "w");
|   if (! f)
|     return 1;
|   if ((__atomic_always_lock_free(4, 0)) < 0)
|     {
|       long int i = longval ();
|       if (i != (__atomic_always_lock_free(4, 0)))
| 	return 1;
|       fprintf (f, "%ld", i);
|     }
|   else
|     {
|       unsigned long int i = ulongval ();
|       if (i != (__atomic_always_lock_free(4, 0)))
| 	return 1;
|       fprintf (f, "%lu", i);
|     }
|   /* Do not output a trailing newline, as this causes \r\n confusion
|      on some platforms.  */
|   return ferror (f) || fclose (f) != 0;
| 
|   ;
|   return 0;
| }
configure:6894: result: unsupported
configure:6903: checking value of __atomic_always_lock_free(8)
configure:6908: gcc -o conftest -g -O2   conftest.c -lpthread -lrt -lm  >&5
/tmp/ccSne7Yb.o: In function `main':
/users/binh/openvswitch/conftest.c:64: undefined reference to `__atomic_always_lock_free'
/tmp/ccSne7Yb.o: In function `ulongval':
/users/binh/openvswitch/conftest.c:54: undefined reference to `__atomic_always_lock_free'
/tmp/ccSne7Yb.o: In function `main':
/users/binh/openvswitch/conftest.c:74: undefined reference to `__atomic_always_lock_free'
/tmp/ccSne7Yb.o: In function `longval':
/users/binh/openvswitch/conftest.c:53: undefined reference to `__atomic_always_lock_free'
/tmp/ccSne7Yb.o: In function `main':
/users/binh/openvswitch/conftest.c:67: undefined reference to `__atomic_always_lock_free'
collect2: ld returned 1 exit status
configure:6908: $? = 1
configure: program exited with status 1
configure: failed program was:
| /* confdefs.h */
| #define PACKAGE_NAME "openvswitch"
| #define PACKAGE_TARNAME "openvswitch"
| #define PACKAGE_VERSION "2.0.0"
| #define PACKAGE_STRING "openvswitch 2.0.0"
| #define PACKAGE_BUGREPORT "ovs-bugs@openvswitch.org"
| #define PACKAGE_URL ""
| #define PACKAGE "openvswitch"
| #define VERSION "2.0.0"
| #define STDC_HEADERS 1
| #define HAVE_SYS_TYPES_H 1
| #define HAVE_SYS_STAT_H 1
| #define HAVE_STDLIB_H 1
| #define HAVE_STRING_H 1
| #define HAVE_MEMORY_H 1
| #define HAVE_STRINGS_H 1
| #define HAVE_INTTYPES_H 1
| #define HAVE_STDINT_H 1
| #define HAVE_UNISTD_H 1
| #define __EXTENSIONS__ 1
| #define _ALL_SOURCE 1
| #define _GNU_SOURCE 1
| #define _POSIX_PTHREAD_SEMANTICS 1
| #define _TANDEM_SOURCE 1
| #define HAVE_DECL_STRERROR_R 1
| #define HAVE_STRERROR_R 1
| #define STRERROR_R_CHAR_P 1
| #define HAVE_NETLINK 1
| #define HAVE_OPENSSL 1
| #define HAVE_IF_PACKET 1
| #define HAVE_DECL_SYS_SIGLIST 1
| #define HAVE_STRUCT_STAT_ST_MTIM_TV_NSEC 1
| #define HAVE_MLOCKALL 1
| #define HAVE_STRNLEN 1
| #define HAVE_GETLOADAVG 1
| #define HAVE_STATVFS 1
| #define HAVE_GETMNTENT_R 1
| #define HAVE_MNTENT_H 1
| #define HAVE_SYS_STATVFS_H 1
| #define HAVE_LINUX_TYPES_H 1
| #define HAVE_LINUX_IF_ETHER_H 1
| #define HAVE_BACKTRACE 1
| #define HAVE_MALLOC_HOOKS 1
| #define HAVE_VALGRIND_VALGRIND_H 1
| #define USE_LINKER_SECTIONS 1
| #define HAVE___THREAD 1
| #define HAVE_GCC4_ATOMICS 1
| #define ATOMIC_ALWAYS_LOCK_FREE_1B unsupported
| #define ATOMIC_ALWAYS_LOCK_FREE_2B unsupported
| #define ATOMIC_ALWAYS_LOCK_FREE_4B unsupported
| /* end confdefs.h.  */
| 
| static long int longval () { return __atomic_always_lock_free(8, 0); }
| static unsigned long int ulongval () { return __atomic_always_lock_free(8, 0); }
| #include <stdio.h>
| #include <stdlib.h>
| int
| main ()
| {
| 
|   FILE *f = fopen ("conftest.val", "w");
|   if (! f)
|     return 1;
|   if ((__atomic_always_lock_free(8, 0)) < 0)
|     {
|       long int i = longval ();
|       if (i != (__atomic_always_lock_free(8, 0)))
| 	return 1;
|       fprintf (f, "%ld", i);
|     }
|   else
|     {
|       unsigned long int i = ulongval ();
|       if (i != (__atomic_always_lock_free(8, 0)))
| 	return 1;
|       fprintf (f, "%lu", i);
|     }
|   /* Do not output a trailing newline, as this causes \r\n confusion
|      on some platforms.  */
|   return ferror (f) || fclose (f) != 0;
| 
|   ;
|   return 0;
| }
configure:6915: result: unsupported
configure:6924: checking for library containing aio_write
configure:6955: gcc -o conftest -g -O2   conftest.c -lpthread -lrt -lm  >&5
configure:6955: $? = 0
configure:6972: result: none required
configure:6990: checking for pthread_set_name_np
configure:6990: gcc -o conftest -g -O2   conftest.c -lpthread -lrt -lm  >&5
/tmp/ccC5ozNn.o: In function `main':
/users/binh/openvswitch/conftest.c:87: undefined reference to `pthread_set_name_np'
collect2: ld returned 1 exit status
configure:6990: $? = 1
configure: failed program was:
| /* confdefs.h */
| #define PACKAGE_NAME "openvswitch"
| #define PACKAGE_TARNAME "openvswitch"
| #define PACKAGE_VERSION "2.0.0"
| #define PACKAGE_STRING "openvswitch 2.0.0"
| #define PACKAGE_BUGREPORT "ovs-bugs@openvswitch.org"
| #define PACKAGE_URL ""
| #define PACKAGE "openvswitch"
| #define VERSION "2.0.0"
| #define STDC_HEADERS 1
| #define HAVE_SYS_TYPES_H 1
| #define HAVE_SYS_STAT_H 1
| #define HAVE_STDLIB_H 1
| #define HAVE_STRING_H 1
| #define HAVE_MEMORY_H 1
| #define HAVE_STRINGS_H 1
| #define HAVE_INTTYPES_H 1
| #define HAVE_STDINT_H 1
| #define HAVE_UNISTD_H 1
| #define __EXTENSIONS__ 1
| #define _ALL_SOURCE 1
| #define _GNU_SOURCE 1
| #define _POSIX_PTHREAD_SEMANTICS 1
| #define _TANDEM_SOURCE 1
| #define HAVE_DECL_STRERROR_R 1
| #define HAVE_STRERROR_R 1
| #define STRERROR_R_CHAR_P 1
| #define HAVE_NETLINK 1
| #define HAVE_OPENSSL 1
| #define HAVE_IF_PACKET 1
| #define HAVE_DECL_SYS_SIGLIST 1
| #define HAVE_STRUCT_STAT_ST_MTIM_TV_NSEC 1
| #define HAVE_MLOCKALL 1
| #define HAVE_STRNLEN 1
| #define HAVE_GETLOADAVG 1
| #define HAVE_STATVFS 1
| #define HAVE_GETMNTENT_R 1
| #define HAVE_MNTENT_H 1
| #define HAVE_SYS_STATVFS_H 1
| #define HAVE_LINUX_TYPES_H 1
| #define HAVE_LINUX_IF_ETHER_H 1
| #define HAVE_BACKTRACE 1
| #define HAVE_MALLOC_HOOKS 1
| #define HAVE_VALGRIND_VALGRIND_H 1
| #define USE_LINKER_SECTIONS 1
| #define HAVE___THREAD 1
| #define HAVE_GCC4_ATOMICS 1
| #define ATOMIC_ALWAYS_LOCK_FREE_1B unsupported
| #define ATOMIC_ALWAYS_LOCK_FREE_2B unsupported
| #define ATOMIC_ALWAYS_LOCK_FREE_4B unsupported
| #define ATOMIC_ALWAYS_LOCK_FREE_8B unsupported
| /* end confdefs.h.  */
| /* Define pthread_set_name_np to an innocuous variant, in case <limits.h> declares pthread_set_name_np.
|    For example, HP-UX 11i <limits.h> declares gettimeofday.  */
| #define pthread_set_name_np innocuous_pthread_set_name_np
| 
| /* System header to define __stub macros and hopefully few prototypes,
|     which can conflict with char pthread_set_name_np (); below.
|     Prefer <limits.h> to <assert.h> if __STDC__ is defined, since
|     <limits.h> exists even on freestanding compilers.  */
| 
| #ifdef __STDC__
| # include <limits.h>
| #else
| # include <assert.h>
| #endif
| 
| #undef pthread_set_name_np
| 
| /* Override any GCC internal prototype to avoid an error.
|    Use char because int might match the return type of a GCC
|    builtin and then its argument prototype would still apply.  */
| #ifdef __cplusplus
| extern "C"
| #endif
| char pthread_set_name_np ();
| /* The GNU C library defines this for functions which it implements
|     to always fail with ENOSYS.  Some functions are actually named
|     something starting with __ and the normal name is an alias.  */
| #if defined __stub_pthread_set_name_np || defined __stub___pthread_set_name_np
| choke me
| #endif
| 
| int
| main ()
| {
| return pthread_set_name_np ();
|   ;
|   return 0;
| }
configure:6990: result: no
configure:7000: checking for pthread_setname_np() variant
configure:7017: gcc -o conftest -g -O2   conftest.c -lpthread -lrt -lm  >&5
configure:7017: $? = 0
configure:7043: result: glibc
configure:7060: checking whether gcc accepts -Werror
configure:7078: gcc -c -g -O2  -Werror  conftest.c >&5
configure:7078: $? = 0
configure:7086: result: yes
configure:7095: checking whether gcc accepts -Wall
configure:7113: gcc -c -g -O2 -Werror -Wall  conftest.c >&5
configure:7113: $? = 0
configure:7121: result: yes
configure:7131: checking whether gcc accepts -Wextra
configure:7149: gcc -c -g -O2 -Werror -Wextra  conftest.c >&5
configure:7149: $? = 0
configure:7157: result: yes
configure:7167: checking whether gcc accepts -Wno-sign-compare
configure:7185: gcc -c -g -O2 -Werror -Wno-sign-compare  conftest.c >&5
configure:7185: $? = 0
configure:7193: result: yes
configure:7203: checking whether gcc accepts -Wpointer-arith
configure:7221: gcc -c -g -O2 -Werror -Wpointer-arith  conftest.c >&5
configure:7221: $? = 0
configure:7229: result: yes
configure:7239: checking whether gcc accepts -Wdeclaration-after-statement
configure:7257: gcc -c -g -O2 -Werror -Wdeclaration-after-statement  conftest.c >&5
configure:7257: $? = 0
configure:7265: result: yes
configure:7275: checking whether gcc accepts -Wformat-security
configure:7293: gcc -c -g -O2 -Werror -Wformat-security  conftest.c >&5
configure:7293: $? = 0
configure:7301: result: yes
configure:7311: checking whether gcc accepts -Wswitch-enum
configure:7329: gcc -c -g -O2 -Werror -Wswitch-enum  conftest.c >&5
configure:7329: $? = 0
configure:7337: result: yes
configure:7347: checking whether gcc accepts -Wunused-parameter
configure:7365: gcc -c -g -O2 -Werror -Wunused-parameter  conftest.c >&5
configure:7365: $? = 0
configure:7373: result: yes
configure:7383: checking whether gcc accepts -Wstrict-aliasing
configure:7401: gcc -c -g -O2 -Werror -Wstrict-aliasing  conftest.c >&5
configure:7401: $? = 0
configure:7409: result: yes
configure:7419: checking whether gcc accepts -Wbad-function-cast
configure:7437: gcc -c -g -O2 -Werror -Wbad-function-cast  conftest.c >&5
configure:7437: $? = 0
configure:7445: result: yes
configure:7455: checking whether gcc accepts -Wcast-align
configure:7473: gcc -c -g -O2 -Werror -Wcast-align  conftest.c >&5
configure:7473: $? = 0
configure:7481: result: yes
configure:7491: checking whether gcc accepts -Wstrict-prototypes
configure:7509: gcc -c -g -O2 -Werror -Wstrict-prototypes  conftest.c >&5
conftest.c:56:1: error: function declaration isn't a prototype [-Werror=strict-prototypes]
cc1: all warnings being treated as errors
configure:7509: $? = 1
configure: failed program was:
| /* confdefs.h */
| #define PACKAGE_NAME "openvswitch"
| #define PACKAGE_TARNAME "openvswitch"
| #define PACKAGE_VERSION "2.0.0"
| #define PACKAGE_STRING "openvswitch 2.0.0"
| #define PACKAGE_BUGREPORT "ovs-bugs@openvswitch.org"
| #define PACKAGE_URL ""
| #define PACKAGE "openvswitch"
| #define VERSION "2.0.0"
| #define STDC_HEADERS 1
| #define HAVE_SYS_TYPES_H 1
| #define HAVE_SYS_STAT_H 1
| #define HAVE_STDLIB_H 1
| #define HAVE_STRING_H 1
| #define HAVE_MEMORY_H 1
| #define HAVE_STRINGS_H 1
| #define HAVE_INTTYPES_H 1
| #define HAVE_STDINT_H 1
| #define HAVE_UNISTD_H 1
| #define __EXTENSIONS__ 1
| #define _ALL_SOURCE 1
| #define _GNU_SOURCE 1
| #define _POSIX_PTHREAD_SEMANTICS 1
| #define _TANDEM_SOURCE 1
| #define HAVE_DECL_STRERROR_R 1
| #define HAVE_STRERROR_R 1
| #define STRERROR_R_CHAR_P 1
| #define HAVE_NETLINK 1
| #define HAVE_OPENSSL 1
| #define HAVE_IF_PACKET 1
| #define HAVE_DECL_SYS_SIGLIST 1
| #define HAVE_STRUCT_STAT_ST_MTIM_TV_NSEC 1
| #define HAVE_MLOCKALL 1
| #define HAVE_STRNLEN 1
| #define HAVE_GETLOADAVG 1
| #define HAVE_STATVFS 1
| #define HAVE_GETMNTENT_R 1
| #define HAVE_MNTENT_H 1
| #define HAVE_SYS_STATVFS_H 1
| #define HAVE_LINUX_TYPES_H 1
| #define HAVE_LINUX_IF_ETHER_H 1
| #define HAVE_BACKTRACE 1
| #define HAVE_MALLOC_HOOKS 1
| #define HAVE_VALGRIND_VALGRIND_H 1
| #define USE_LINKER_SECTIONS 1
| #define HAVE___THREAD 1
| #define HAVE_GCC4_ATOMICS 1
| #define ATOMIC_ALWAYS_LOCK_FREE_1B unsupported
| #define ATOMIC_ALWAYS_LOCK_FREE_2B unsupported
| #define ATOMIC_ALWAYS_LOCK_FREE_4B unsupported
| #define ATOMIC_ALWAYS_LOCK_FREE_8B unsupported
| #define HAVE_GLIBC_PTHREAD_SETNAME_NP 1
| /* end confdefs.h.  */
| 
| int
| main ()
| {
| 
|   ;
|   return 0;
| }
configure:7517: result: no
configure:7527: checking whether gcc accepts -Wold-style-definition
configure:7545: gcc -c -g -O2 -Werror -Wold-style-definition  conftest.c >&5
conftest.c: In function 'main':
conftest.c:56:1: error: old-style function definition [-Werror=old-style-definition]
cc1: all warnings being treated as errors
configure:7545: $? = 1
configure: failed program was:
| /* confdefs.h */
| #define PACKAGE_NAME "openvswitch"
| #define PACKAGE_TARNAME "openvswitch"
| #define PACKAGE_VERSION "2.0.0"
| #define PACKAGE_STRING "openvswitch 2.0.0"
| #define PACKAGE_BUGREPORT "ovs-bugs@openvswitch.org"
| #define PACKAGE_URL ""
| #define PACKAGE "openvswitch"
| #define VERSION "2.0.0"
| #define STDC_HEADERS 1
| #define HAVE_SYS_TYPES_H 1
| #define HAVE_SYS_STAT_H 1
| #define HAVE_STDLIB_H 1
| #define HAVE_STRING_H 1
| #define HAVE_MEMORY_H 1
| #define HAVE_STRINGS_H 1
| #define HAVE_INTTYPES_H 1
| #define HAVE_STDINT_H 1
| #define HAVE_UNISTD_H 1
| #define __EXTENSIONS__ 1
| #define _ALL_SOURCE 1
| #define _GNU_SOURCE 1
| #define _POSIX_PTHREAD_SEMANTICS 1
| #define _TANDEM_SOURCE 1
| #define HAVE_DECL_STRERROR_R 1
| #define HAVE_STRERROR_R 1
| #define STRERROR_R_CHAR_P 1
| #define HAVE_NETLINK 1
| #define HAVE_OPENSSL 1
| #define HAVE_IF_PACKET 1
| #define HAVE_DECL_SYS_SIGLIST 1
| #define HAVE_STRUCT_STAT_ST_MTIM_TV_NSEC 1
| #define HAVE_MLOCKALL 1
| #define HAVE_STRNLEN 1
| #define HAVE_GETLOADAVG 1
| #define HAVE_STATVFS 1
| #define HAVE_GETMNTENT_R 1
| #define HAVE_MNTENT_H 1
| #define HAVE_SYS_STATVFS_H 1
| #define HAVE_LINUX_TYPES_H 1
| #define HAVE_LINUX_IF_ETHER_H 1
| #define HAVE_BACKTRACE 1
| #define HAVE_MALLOC_HOOKS 1
| #define HAVE_VALGRIND_VALGRIND_H 1
| #define USE_LINKER_SECTIONS 1
| #define HAVE___THREAD 1
| #define HAVE_GCC4_ATOMICS 1
| #define ATOMIC_ALWAYS_LOCK_FREE_1B unsupported
| #define ATOMIC_ALWAYS_LOCK_FREE_2B unsupported
| #define ATOMIC_ALWAYS_LOCK_FREE_4B unsupported
| #define ATOMIC_ALWAYS_LOCK_FREE_8B unsupported
| #define HAVE_GLIBC_PTHREAD_SETNAME_NP 1
| /* end confdefs.h.  */
| 
| int
| main ()
| {
| 
|   ;
|   return 0;
| }
configure:7553: result: no
configure:7563: checking whether gcc accepts -Wmissing-prototypes
configure:7581: gcc -c -g -O2 -Werror -Wmissing-prototypes  conftest.c >&5
configure:7581: $? = 0
configure:7589: result: yes
configure:7599: checking whether gcc accepts -Wmissing-field-initializers
configure:7617: gcc -c -g -O2 -Werror -Wmissing-field-initializers  conftest.c >&5
configure:7617: $? = 0
configure:7625: result: yes
configure:7635: checking whether gcc accepts -Wthread-safety
configure:7653: gcc -c -g -O2 -Werror -Wthread-safety  conftest.c >&5
cc1: error: unrecognized command line option '-Wthread-safety'
configure:7653: $? = 1
configure: failed program was:
| /* confdefs.h */
| #define PACKAGE_NAME "openvswitch"
| #define PACKAGE_TARNAME "openvswitch"
| #define PACKAGE_VERSION "2.0.0"
| #define PACKAGE_STRING "openvswitch 2.0.0"
| #define PACKAGE_BUGREPORT "ovs-bugs@openvswitch.org"
| #define PACKAGE_URL ""
| #define PACKAGE "openvswitch"
| #define VERSION "2.0.0"
| #define STDC_HEADERS 1
| #define HAVE_SYS_TYPES_H 1
| #define HAVE_SYS_STAT_H 1
| #define HAVE_STDLIB_H 1
| #define HAVE_STRING_H 1
| #define HAVE_MEMORY_H 1
| #define HAVE_STRINGS_H 1
| #define HAVE_INTTYPES_H 1
| #define HAVE_STDINT_H 1
| #define HAVE_UNISTD_H 1
| #define __EXTENSIONS__ 1
| #define _ALL_SOURCE 1
| #define _GNU_SOURCE 1
| #define _POSIX_PTHREAD_SEMANTICS 1
| #define _TANDEM_SOURCE 1
| #define HAVE_DECL_STRERROR_R 1
| #define HAVE_STRERROR_R 1
| #define STRERROR_R_CHAR_P 1
| #define HAVE_NETLINK 1
| #define HAVE_OPENSSL 1
| #define HAVE_IF_PACKET 1
| #define HAVE_DECL_SYS_SIGLIST 1
| #define HAVE_STRUCT_STAT_ST_MTIM_TV_NSEC 1
| #define HAVE_MLOCKALL 1
| #define HAVE_STRNLEN 1
| #define HAVE_GETLOADAVG 1
| #define HAVE_STATVFS 1
| #define HAVE_GETMNTENT_R 1
| #define HAVE_MNTENT_H 1
| #define HAVE_SYS_STATVFS_H 1
| #define HAVE_LINUX_TYPES_H 1
| #define HAVE_LINUX_IF_ETHER_H 1
| #define HAVE_BACKTRACE 1
| #define HAVE_MALLOC_HOOKS 1
| #define HAVE_VALGRIND_VALGRIND_H 1
| #define USE_LINKER_SECTIONS 1
| #define HAVE___THREAD 1
| #define HAVE_GCC4_ATOMICS 1
| #define ATOMIC_ALWAYS_LOCK_FREE_1B unsupported
| #define ATOMIC_ALWAYS_LOCK_FREE_2B unsupported
| #define ATOMIC_ALWAYS_LOCK_FREE_4B unsupported
| #define ATOMIC_ALWAYS_LOCK_FREE_8B unsupported
| #define HAVE_GLIBC_PTHREAD_SETNAME_NP 1
| /* end confdefs.h.  */
| 
| int
| main ()
| {
| 
|   ;
|   return 0;
| }
configure:7661: result: no
configure:7671: checking whether gcc accepts -Wno-unused
configure:7689: gcc -c -g -O2 -Werror -Wno-unused  conftest.c >&5
configure:7689: $? = 0
configure:7697: result: yes
configure:7714: checking whether gcc accepts -Wno-unused-parameter
configure:7732: gcc -c -g -O2 -Werror -Wno-unused-parameter  conftest.c >&5
configure:7732: $? = 0
configure:7740: result: yes
configure:7764: checking target hint for cgcc
configure:7778: result: x86_64
configure:7790: checking whether make has GNU make $(if) extension
configure:7801: invoking make -f conftest.mk all:
echo y > conftest.out
configure:7803: conftest.out contains:
y
configure:7813: result: yes
configure:7887: checking for Linux build directory
configure:7890: result: /lib/modules/3.2.0-56-generic/build
configure:7902: checking for Linux source directory
configure:7936: result: /lib/modules/3.2.0-56-generic/build
configure:7939: checking for kernel version
configure:7951: result: 3.2.51
configure:7979: checking whether src_err, matches in /lib/modules/3.2.0-56-generic/build/arch/x86/include/asm/checksum_32.h
configure:7993: result: no
configure:8009: checking whether ERR_CAST matches in /lib/modules/3.2.0-56-generic/build/include/linux/err.h
configure:8016: result: yes
configure:8039: checking whether eth_hw_addr_random matches in /lib/modules/3.2.0-56-generic/build/include/linux/etherdevice.h
configure:8053: result: no
configure:8069: checking whether vlan_set_encap_proto matches in /lib/modules/3.2.0-56-generic/build/include/linux/if_vlan.h
configure:8083: result: no
configure:8099: checking whether ipv4_is_multicast matches in /lib/modules/3.2.0-56-generic/build/include/linux/in.h
configure:8106: result: yes
configure:8129: checking whether dev_disable_lro matches in /lib/modules/3.2.0-56-generic/build/include/linux/netdevice.h
configure:8136: result: yes
configure:8158: checking whether dev_get_stats matches in /lib/modules/3.2.0-56-generic/build/include/linux/netdevice.h
configure:8165: result: yes
configure:8187: checking whether dev_get_by_index_rcu matches in /lib/modules/3.2.0-56-generic/build/include/linux/netdevice.h
configure:8194: result: yes
configure:8216: checking whether __skb_gso_segment matches in /lib/modules/3.2.0-56-generic/build/include/linux/netdevice.h
configure:8230: result: no
configure:8245: checking whether can_checksum_protocol matches in /lib/modules/3.2.0-56-generic/build/include/linux/netdevice.h
configure:8259: result: no
configure:8275: checking whether rcu_read_lock_held matches in /lib/modules/3.2.0-56-generic/build/include/linux/rcupdate.h
configure:8282: result: yes
configure:8366: checking whether [^@]proto_data_valid matches in /lib/modules/3.2.0-56-generic/build/include/linux/skbuff.h
configure:8380: result: no
configure:8395: checking whether raw matches in /lib/modules/3.2.0-56-generic/build/include/linux/skbuff.h
configure:8409: result: no
configure:8424: checking whether skb_dst( matches in /lib/modules/3.2.0-56-generic/build/include/linux/skbuff.h
configure:8431: result: yes
configure:8453: checking whether skb_copy_from_linear_data_offset matches in /lib/modules/3.2.0-56-generic/build/include/linux/skbuff.h
configure:8460: result: yes
configure:8482: checking whether skb_reset_tail_pointer matches in /lib/modules/3.2.0-56-generic/build/include/linux/skbuff.h
configure:8489: result: yes
configure:8511: checking whether skb_cow_head matches in /lib/modules/3.2.0-56-generic/build/include/linux/skbuff.h
configure:8518: result: yes
configure:8540: checking whether skb_transport_header matches in /lib/modules/3.2.0-56-generic/build/include/linux/skbuff.h
configure:8547: result: yes
configure:8569: checking whether icmp6_hdr matches in /lib/modules/3.2.0-56-generic/build/include/linux/icmpv6.h
configure:8576: result: yes
configure:8598: checking whether skb_warn_if_lro matches in /lib/modules/3.2.0-56-generic/build/include/linux/skbuff.h
configure:8605: result: yes
configure:8627: checking whether consume_skb matches in /lib/modules/3.2.0-56-generic/build/include/linux/skbuff.h
configure:8634: result: yes
configure:8656: checking whether skb_frag_page matches in /lib/modules/3.2.0-56-generic/build/include/linux/skbuff.h
configure:8663: result: yes
configure:8685: checking whether skb_reset_mac_len matches in /lib/modules/3.2.0-56-generic/build/include/linux/skbuff.h
configure:8692: result: yes
configure:8714: checking whether skb_unclone matches in /lib/modules/3.2.0-56-generic/build/include/linux/skbuff.h
configure:8728: result: no
configure:8744: checking whether bool matches in /lib/modules/3.2.0-56-generic/build/include/linux/types.h
configure:8751: result: yes
configure:8773: checking whether __wsum matches in /lib/modules/3.2.0-56-generic/build/include/linux/types.h
configure:8780: result: yes
configure:8802: checking whether __wsum matches in /lib/modules/3.2.0-56-generic/build/include/uapi/linux/types.h
configure:8825: result: file not found
configure:8832: checking whether csum_replace4 matches in /lib/modules/3.2.0-56-generic/build/include/net/checksum.h
configure:8839: result: yes
configure:8861: checking whether csum_unfold matches in /lib/modules/3.2.0-56-generic/build/include/net/checksum.h
configure:8868: result: yes
configure:8891: checking whether parallel_ops matches in /lib/modules/3.2.0-56-generic/build/include/net/genetlink.h
configure:8905: result: no
configure:8920: checking whether nla_get_be16 matches in /lib/modules/3.2.0-56-generic/build/include/net/netlink.h
configure:8927: result: yes
configure:8949: checking whether nla_put_be16 matches in /lib/modules/3.2.0-56-generic/build/include/net/netlink.h
configure:8963: result: no
configure:8978: checking whether nla_put_be32 matches in /lib/modules/3.2.0-56-generic/build/include/net/netlink.h
configure:8992: result: no
configure:9007: checking whether nla_put_be64 matches in /lib/modules/3.2.0-56-generic/build/include/net/netlink.h
configure:9021: result: no
configure:9036: checking whether nla_find_nested matches in /lib/modules/3.2.0-56-generic/build/include/net/netlink.h
configure:9043: result: yes
configure:9066: checking whether ADD_ALL_VLANS_CMD matches in /lib/modules/3.2.0-56-generic/build/include/linux/if_vlan.h
configure:9080: result: no
configure:9096: checking whether this_cpu_ptr matches in /lib/modules/3.2.0-56-generic/build/include/linux/percpu.h
configure:9103: result: yes
configure:9126: checking whether openvswitch_handle_frame_hook matches in /lib/modules/3.2.0-56-generic/build/include/linux/openvswitch.h
configure:9149: result: file not found
configure:9156: checking for /lib/modules/3.2.0-56-generic/build/include/linux/log2.h
configure:9159: result: yes
configure:9418: creating ./config.status

## ---------------------- ##
## Running config.status. ##
## ---------------------- ##

This file was extended by openvswitch config.status 2.0.0, which was
generated by GNU Autoconf 2.68.  Invocation command line was

  CONFIG_FILES    = 
  CONFIG_HEADERS  = 
  CONFIG_LINKS    = 
  CONFIG_COMMANDS = 
  $ ./config.status 

on node2.srv6.phantomnet.emulab.net

config.status:962: creating Makefile
config.status:962: creating datapath/Makefile
config.status:962: creating datapath/linux/Kbuild
config.status:962: creating datapath/linux/Makefile
config.status:962: creating datapath/linux/Makefile.main
config.status:962: creating tests/atlocal
config.status:962: creating config.h
config.status:1143: config.h is unchanged
config.status:1191: executing tests/atconfig commands
config.status:1191: executing depfiles commands
config.status:1191: executing include/openflow/openflow.h.stamp commands
config.status:1191: executing ovsdb/ovsdbmonitor/dummy commands
config.status:1191: executing utilities/bugtool/dummy commands

## ---------------- ##
## Cache variables. ##
## ---------------- ##

ac_cv_c_bigendian=no
ac_cv_c_compiler_gnu=yes
ac_cv_env_CC_set=
ac_cv_env_CC_value=
ac_cv_env_CFLAGS_set=
ac_cv_env_CFLAGS_value=
ac_cv_env_CPPFLAGS_set=
ac_cv_env_CPPFLAGS_value=
ac_cv_env_CPP_set=
ac_cv_env_CPP_value=
ac_cv_env_KARCH_set=
ac_cv_env_KARCH_value=
ac_cv_env_LDFLAGS_set=
ac_cv_env_LDFLAGS_value=
ac_cv_env_LIBS_set=
ac_cv_env_LIBS_value=
ac_cv_env_PERL_set=
ac_cv_env_PERL_value=
ac_cv_env_build_alias_set=
ac_cv_env_build_alias_value=
ac_cv_env_host_alias_set=
ac_cv_env_host_alias_value=
ac_cv_env_target_alias_set=
ac_cv_env_target_alias_value=
ac_cv_func_getloadavg=yes
ac_cv_func_getmntent_r=yes
ac_cv_func_mlockall=yes
ac_cv_func_pthread_set_name_np=no
ac_cv_func_statvfs=yes
ac_cv_func_strerror_r=yes
ac_cv_func_strerror_r_char_p=yes
ac_cv_func_strnlen=yes
ac_cv_have_decl_strerror_r=yes
ac_cv_have_decl_sys_siglist=yes
ac_cv_header_inttypes_h=yes
ac_cv_header_linux_if_ether_h=yes
ac_cv_header_linux_netlink_h=yes
ac_cv_header_linux_types_h=yes
ac_cv_header_memory_h=yes
ac_cv_header_minix_config_h=no
ac_cv_header_mntent_h=yes
ac_cv_header_net_if_dl_h=no
ac_cv_header_net_if_mib_h=no
ac_cv_header_net_if_packet_h=yes
ac_cv_header_stdatomic_h=no
ac_cv_header_stdc=yes
ac_cv_header_stdint_h=yes
ac_cv_header_stdlib_h=yes
ac_cv_header_string_h=yes
ac_cv_header_strings_h=yes
ac_cv_header_sys_stat_h=yes
ac_cv_header_sys_statvfs_h=yes
ac_cv_header_sys_types_h=yes
ac_cv_header_unistd_h=yes
ac_cv_header_valgrind_valgrind_h=yes
ac_cv_header_vmware_h=no
ac_cv_lib_socket_connect=no
ac_cv_member_struct_ifreq_ifr_flagshigh=no
ac_cv_member_struct_stat_st_mtim_tv_nsec=yes
ac_cv_member_struct_stat_st_mtimensec=no
ac_cv_objext=o
ac_cv_path_EGREP='/bin/grep -E'
ac_cv_path_FGREP='/bin/grep -F'
ac_cv_path_GREP=/bin/grep
ac_cv_path_PERL=/usr/bin/perl
ac_cv_path_install='/usr/bin/install -c'
ac_cv_path_mkdir=/bin/mkdir
ac_cv_prog_AWK=mawk
ac_cv_prog_CPP='gcc -E'
ac_cv_prog_ac_ct_CC=gcc
ac_cv_prog_ac_ct_RANLIB=ranlib
ac_cv_prog_cc_c89=
ac_cv_prog_cc_g=yes
ac_cv_prog_cc_gcc_c_o=yes
ac_cv_prog_make_make_set=yes
ac_cv_safe_to_define___extensions__=yes
ac_cv_search_aio_write='none required'
ac_cv_search_backtrace='none required'
ac_cv_search_clock_gettime=-lrt
ac_cv_search_gethostbyname='none required'
ac_cv_search_pow=-lm
ac_cv_search_pthread_sigmask=-lpthread
ac_cv_search_timer_create='none required'
ac_cv_sparse_target=x86_64
ac_cv_sys_file_offset_bits=no
ac_cv_sys_largefile_CC=no
am_cv_CC_dependencies_compiler_type=gcc3
ovs_cv__Wall=yes
ovs_cv__Wbad_function_cast=yes
ovs_cv__Wcast_align=yes
ovs_cv__Wdeclaration_after_statement=yes
ovs_cv__Werror=yes
ovs_cv__Wextra=yes
ovs_cv__Wformat_security=yes
ovs_cv__Wmissing_field_initializers=yes
ovs_cv__Wmissing_prototypes=yes
ovs_cv__Wno_sign_compare=yes
ovs_cv__Wno_unused=yes
ovs_cv__Wno_unused_parameter=yes
ovs_cv__Wold_style_definition=no
ovs_cv__Wpointer_arith=yes
ovs_cv__Wstrict_aliasing=yes
ovs_cv__Wstrict_prototypes=no
ovs_cv__Wswitch_enum=yes
ovs_cv__Wthread_safety=no
ovs_cv__Wunused_parameter=yes
ovs_cv___thread=yes
ovs_cv_atomic_always_lock_free_1=unsupported
ovs_cv_atomic_always_lock_free_2=unsupported
ovs_cv_atomic_always_lock_free_4=unsupported
ovs_cv_atomic_always_lock_free_8=unsupported
ovs_cv_dot=no
ovs_cv_gcc4_atomics=yes
ovs_cv_gnu_make=yes
ovs_cv_gnu_make_if=yes
ovs_cv_groff=yes
ovs_cv_malloc_hooks=yes
ovs_cv_pthread_setname_np=glibc
ovs_cv_py_PyQt4_QtCore=no
ovs_cv_py_PySide_QtCore=no
ovs_cv_py_json=yes
ovs_cv_py_twisted_application=no
ovs_cv_py_twisted_conch_ssh=no
ovs_cv_py_twisted_internet=no
ovs_cv_py_zope_interface=no
ovs_cv_python=/usr/bin/python
ovs_cv_pyuic4=no
ovs_cv_strtok_r_bug=no
ovs_cv_thread_local=no
ovs_cv_use_linker_sections=yes
ovs_cv_xsversion=none

## ----------------- ##
## Output variables. ##
## ----------------- ##

ACLOCAL='${SHELL} /users/binh/openvswitch/build-aux/missing --run aclocal-1.11'
AMDEPBACKSLASH='\'
AMDEP_FALSE='#'
AMDEP_TRUE=''
AMTAR='$${TAR-tar}'
AUTOCONF='${SHELL} /users/binh/openvswitch/build-aux/missing --run autoconf'
AUTOHEADER='${SHELL} /users/binh/openvswitch/build-aux/missing --run autoheader'
AUTOM4TE='${SHELL} /users/binh/openvswitch/build-aux/missing --run autom4te'
AUTOMAKE='${SHELL} /users/binh/openvswitch/build-aux/missing --run automake-1.11'
AWK='mawk'
BUILD_OVSDBMONITOR_FALSE=''
BUILD_OVSDBMONITOR_TRUE='#'
CC='$(if $(C),REAL_CC="gcc" CHECK="$(SPARSE) -I $(top_srcdir)/include/sparse $(SPARSEFLAGS) $(SPARSE_EXTRA_INCLUDES) " cgcc $(CGCCFLAGS),gcc)'
CCDEPMODE='depmode=gcc3'
CFLAGS='-g -O2'
CGCCFLAGS='-target=x86_64'
CPP='gcc -E'
CPPFLAGS=''
CYGPATH_W='echo'
DBDIR='${sysconfdir}/${PACKAGE}'
DEFS='-DHAVE_CONFIG_H'
DEPDIR='.deps'
ECHO_C=''
ECHO_N='-n'
ECHO_T=''
EGREP='/bin/grep -E'
ESX_FALSE=''
ESX_TRUE='#'
EXEEXT=''
FGREP='/bin/grep -F'
GNU_MAKE_FALSE='#'
GNU_MAKE_TRUE=''
GREP='/bin/grep'
HAVE_DOT_FALSE=''
HAVE_DOT_TRUE='#'
HAVE_GROFF_FALSE='#'
HAVE_GROFF_TRUE=''
HAVE_IF_DL_FALSE=''
HAVE_IF_DL_TRUE='#'
HAVE_IF_PACKET_FALSE='#'
HAVE_IF_PACKET_TRUE=''
HAVE_NETLINK_FALSE='#'
HAVE_NETLINK_TRUE=''
HAVE_OPENSSL='yes'
HAVE_OPENSSL_FALSE='#'
HAVE_OPENSSL_TRUE=''
HAVE_POSIX_AIO_FALSE='#'
HAVE_POSIX_AIO_TRUE=''
HAVE_PYTHON='yes'
HAVE_PYTHON_FALSE='#'
HAVE_PYTHON_TRUE=''
HAVE_WNO_UNUSED_FALSE='#'
HAVE_WNO_UNUSED_PARAMETER_FALSE='#'
HAVE_WNO_UNUSED_PARAMETER_TRUE=''
HAVE_WNO_UNUSED_TRUE=''
INSTALL_DATA='${INSTALL} -m 644'
INSTALL_PROGRAM='${INSTALL}'
INSTALL_SCRIPT='${INSTALL}'
INSTALL_STRIP_PROGRAM='$(install_sh) -c -s'
KARCH=''
KBUILD='/lib/modules/3.2.0-56-generic/build'
LDFLAGS=''
LIBOBJS=''
LIBS='-lpthread -lrt -lm '
LINUX_DATAPATH_FALSE='#'
LINUX_DATAPATH_TRUE=''
LINUX_ENABLED_FALSE='#'
LINUX_ENABLED_TRUE=''
LOGDIR='${localstatedir}/log/${PACKAGE}'
LTLIBOBJS=''
MAKEINFO='${SHELL} /users/binh/openvswitch/build-aux/missing --run makeinfo'
MKDIR_P='/bin/mkdir -p'
NDEBUG_FALSE=''
NDEBUG_TRUE='#'
OBJEXT='o'
PACKAGE='openvswitch'
PACKAGE_BUGREPORT='ovs-bugs@openvswitch.org'
PACKAGE_NAME='openvswitch'
PACKAGE_STRING='openvswitch 2.0.0'
PACKAGE_TARNAME='openvswitch'
PACKAGE_URL=''
PACKAGE_VERSION='2.0.0'
PATH_SEPARATOR=':'
PERL='/usr/bin/perl'
PKG_CONFIG=''
PKIDIR='${localstatedir}/lib/openvswitch/pki'
PYTHON='/usr/bin/python'
PYUIC4='${SHELL} /users/binh/openvswitch/build-aux/missing --run pyuic4'
RANLIB='ranlib'
RUNDIR='${localstatedir}/run/openvswitch'
SET_MAKE=''
SHELL='/bin/bash'
SPARSE='sparse'
SPARSEFLAGS='-m64'
SPARSE_EXTRA_INCLUDES='-I /usr/local/include -I /usr/include/x86_64-linux-gnu '
SSL_INCLUDES='-I/usr/include'
SSL_LDFLAGS='-L/usr/lib'
SSL_LIBS='-lssl -lcrypto'
STRIP=''
USE_LINKER_SECTIONS_FALSE='#'
USE_LINKER_SECTIONS_TRUE=''
VERSION='2.0.0'
WARNING_FLAGS=' -Wall -Wextra -Wno-sign-compare -Wpointer-arith -Wdeclaration-after-statement -Wformat-security -Wswitch-enum -Wunused-parameter -Wstrict-aliasing -Wbad-function-cast -Wcast-align -Wmissing-prototypes -Wmissing-field-initializers'
ac_ct_CC='gcc'
am__EXEEXT_FALSE=''
am__EXEEXT_TRUE='#'
am__fastdepCC_FALSE='#'
am__fastdepCC_TRUE=''
am__include='include'
am__isrc=''
am__leading_dot='.'
am__nodep='_no'
am__quote=''
am__tar='$${TAR-tar} chof - "$$tardir"'
am__untar='$${TAR-tar} xf -'
bindir='${exec_prefix}/bin'
build_alias=''
datadir='${datarootdir}'
datarootdir='${prefix}/share'
docdir='${datarootdir}/doc/${PACKAGE_TARNAME}'
dvidir='${docdir}'
exec_prefix='${prefix}'
host_alias=''
htmldir='${docdir}'
includedir='${prefix}/include'
infodir='${datarootdir}/info'
install_sh='${SHELL} /users/binh/openvswitch/build-aux/install-sh'
libdir='${exec_prefix}/lib'
libexecdir='${exec_prefix}/libexec'
localedir='${datarootdir}/locale'
localstatedir='${prefix}/var'
mandir='${datarootdir}/man'
mkdir_p='/bin/mkdir -p'
oldincludedir='/usr/include'
pdfdir='${docdir}'
prefix='/usr/local'
program_transform_name='s,x,x,'
psdir='${docdir}'
sbindir='${exec_prefix}/sbin'
sharedstatedir='${prefix}/com'
sysconfdir='${prefix}/etc'
target_alias=''

## ----------- ##
## confdefs.h. ##
## ----------- ##

/* confdefs.h */
#define PACKAGE_NAME "openvswitch"
#define PACKAGE_TARNAME "openvswitch"
#define PACKAGE_VERSION "2.0.0"
#define PACKAGE_STRING "openvswitch 2.0.0"
#define PACKAGE_BUGREPORT "ovs-bugs@openvswitch.org"
#define PACKAGE_URL ""
#define PACKAGE "openvswitch"
#define VERSION "2.0.0"
#define STDC_HEADERS 1
#define HAVE_SYS_TYPES_H 1
#define HAVE_SYS_STAT_H 1
#define HAVE_STDLIB_H 1
#define HAVE_STRING_H 1
#define HAVE_MEMORY_H 1
#define HAVE_STRINGS_H 1
#define HAVE_INTTYPES_H 1
#define HAVE_STDINT_H 1
#define HAVE_UNISTD_H 1
#define __EXTENSIONS__ 1
#define _ALL_SOURCE 1
#define _GNU_SOURCE 1
#define _POSIX_PTHREAD_SEMANTICS 1
#define _TANDEM_SOURCE 1
#define HAVE_DECL_STRERROR_R 1
#define HAVE_STRERROR_R 1
#define STRERROR_R_CHAR_P 1
#define HAVE_NETLINK 1
#define HAVE_OPENSSL 1
#define HAVE_IF_PACKET 1
#define HAVE_DECL_SYS_SIGLIST 1
#define HAVE_STRUCT_STAT_ST_MTIM_TV_NSEC 1
#define HAVE_MLOCKALL 1
#define HAVE_STRNLEN 1
#define HAVE_GETLOADAVG 1
#define HAVE_STATVFS 1
#define HAVE_GETMNTENT_R 1
#define HAVE_MNTENT_H 1
#define HAVE_SYS_STATVFS_H 1
#define HAVE_LINUX_TYPES_H 1
#define HAVE_LINUX_IF_ETHER_H 1
#define HAVE_BACKTRACE 1
#define HAVE_MALLOC_HOOKS 1
#define HAVE_VALGRIND_VALGRIND_H 1
#define USE_LINKER_SECTIONS 1
#define HAVE___THREAD 1
#define HAVE_GCC4_ATOMICS 1
#define ATOMIC_ALWAYS_LOCK_FREE_1B unsupported
#define ATOMIC_ALWAYS_LOCK_FREE_2B unsupported
#define ATOMIC_ALWAYS_LOCK_FREE_4B unsupported
#define ATOMIC_ALWAYS_LOCK_FREE_8B unsupported
#define HAVE_GLIBC_PTHREAD_SETNAME_NP 1
#define LINUX_DATAPATH 1

configure: exit 0
